N7R2R1R
N4L3L6R
N1*6R4R
N5R1L7*
N7L6*2L
N2R1L7L
N2L3*4L
N4*3R7R
N7L2*6*
N5R1L2*
N2*8R1L
N1R5R3R
N7L4R3R
N8*3*5R
N2*3R5R
N5R2*7L
N3L7*8R
N1R3R6*
N3*5R4L
N3R5L8R
N3R7L4*
N2R4R5L
N8R7L2L
N6L4L7R
N6*3*2R
N6R8R1R
N1R6R8R
N8*1*7L
N5R7R8R
N2R1R7L
N4R8L1L
N5L4R1*
N4*5*6*
N5L3L6*
N8L2*6L
N5R2R8L
N7*2L3*
N6R5L3L
N4*6R3*
N7L3*8L
N4R8R5*
N7*5*3L
N1*6L5*
N3R5R2*
N7L2L5*
N3R2R1*
N3R1R2*
N8L7*2L
N1*7*5L
N3L5R2*
N4R3*2R
N8*4R7L
N6L5L4*
N5R3*4L
N2*8L6R
N8R5R7*
N5*4*2L
N5*7R4L
N4*3R8R
N5L4L6L
N2R3*7R
N2R7*6L
N7R8L4R
N8*3*4L
N2*3L8L
N1R6*8R
N2*5*1R
N6*1L5R
N6*1*7*
N4R3R7*
N6L4L2R
N6L5L7*
N8R6L4R
N4R3R8R
N4R8L3R
N1R4*8*
N4L8R5*
N7*3R6L
N8L3R4L
N4R5L2R
N7L5L8*
N4*8*2L
N2L6R1L
N4*6R2*
N1*4R5*
N7L2R5*
N8*3R7*
N8*4*3*
N7R2L6*
N6*7R3R
N3*8R7R
N5*4R6R
N2R6R7L
N6L4*5R
N4L1*8*
N7R6R5R
N6L8R1R
N5L1L3*
N4L5R1*
N4*7R3*
N4R8*1R
N8R4*2*
N5L1L3R
N3L8*7L
N7*4L2*
N3L7*2*
N8L5R2*
N4R3*1R
N3L1L4L
N6R1L3L
N3*5L7R
N6L2L8*
N1R2L5*
N3L8R5*
N1R3L6R
N8*5*2R
N8R1R4R
N3R7*4R
N3*2R4L
N5*7*2R
N2R6*3R
N6*3R1*
N1*6R3*
N8R6*2R
N8L2R7*
N7L2L1L
