N1*2R6L
N6L3R7L
N7R1L8*
N7R3*8L
N3R6L8*
N1*8R2*
N3R2L4*
N6R5L8L
N5R7*3R
N1*6R8*
N4L3*5R
N3R8L2R
N2*7R8R
N5*8*2*
N3L2L7R
N6*5L2L
N5L1*2L
N8R2R6L
N4R8L1*
N6L2R5R
N7R8*1R
N5*4R6*
N6*7*2*
N6L3L5R
N3L7R2L
N6*8R5*
N2R1L5L
N2L7R8R
N1L6*7*
N7L8L4*
N3R7L2L
N4R3L6*
N7*8R3*
N4L1L8L
N5L8R3L
N1R5L4R
N3L5R6*
N6L1*8R
N6*8L3*
N3L5L7*
N6*3L7*
N2R6L1*
N1*6L7R
N7R8L3L
N4*6*8L
N5*6*7*
N1L4R6L
N3R5*1L
N8*1*5L
N4L6R2*
N3*6*1R
N4*3L5R
N4L2L1L
N5*8L3*
N6R7L1*
N8L5L2R
N4L3L6*
N8*2*6R
N3R4R8L
N6R5*8R
N2L5*4R
N4L7R1L
N3R2R7L
N1R8*7L
N6L2R1L
N7R3*1R
N4*1L6R
N2L8*1R
N7L5*8R
N3*8L1L
N3L4*5R
N7R5R2L
N4R1*2R
N5R1L3*
N8L4L1*
N2*1R6L
N6L2*7L
N3R5*1*
N3*2L8L
N3*5L4L
N4R2L5L
N7*2L6L
N3*4L8L
N8L3R2*
N7R5*3*
N3L1*8*
N6*4R8L
N2R7R5L
N3*6R4L
N7L8*1L
N1*3*8L
N6*2*5L
N7*2L1*
N4*2L5L
N7L3*4L
N2L5L8R
N5L4R6L
N6L3*8*
N4L2*6L
N4*3*8L
N5L7*1L
N5L7L4*
N7R3*2L
N4*1L5R
N2*6R3*
N7R3R5R
N5*6*2R
N1L5*3*
N8*7L2*
N2*7*3R
N1*5*8L
N3*1L7R
N2L4R6L
N2*3L6L
N1*6R5L
N2L4L1L
N4*1*7*
N3R5L6*
N3L1L2*
N5*2R3*
N1L8L4R
N5R4L2*
N6L4*3R
N4R5L2*
N3*2R5L
N7*4L1R
