N1L3R5*
N8L2R6L
N3*6*2R
N3L5R8R
N3R2L8*
N4L3*6R
N3R4R2L
N2*7*1L
N5*7R8R
N3L2*4R
N4*7*1*
N7R1*8L
N7*8*5*
N5L4R1R
N2R3*6R
N8L1L5L
N2R5*4R
N8R4*5*
N7L6R2*
N5R3R4R
N3L8R4*
N8R1L5*
N3*5R7L
N2L7*1L
N5R6L7*
N4L2*3R
N5R1*6L
N3*5L7*
N8R4R1R
N4*8*2R
N7R5L3R
N1R8L7R
N3*8R5L
N8R6L1L
N8R3L4*
N3L5*4*
N8R3L1L
N2L7*8*
N8L1R5L
N7R6*8R
N7L8L3R
N4*2L1R
N6L7*2R
N4L7*5*
N2L5*8L
N8*4R5L
N3*5*7R
N3L4R8R
N8L5*4L
N3L2*6R
N4R3L7R
N1L8R4L
N2L8*1L
N1*7R5*
N5*6R7*
N7L5*1L
N7*5L8*
N6L2L4R
N4L3R2R
N5L2*8L
N1*5L2R
N6R2R4*
N2L1L6L
N5L6*1L
N2R7L6*
N3*1*8R
N8L2L7R
N4R7L2*
N5L4L2L
N2R8*5*
N7R4R8*
N4L2L5R
N3*4*7L
N8L1L3L
N4*8R2*
N6L7*8*
N8R4*2R
N4L8L5*
N3R5R6*
N5R8L2R
N5L2*6*
N6R7*3L
N5*4L3*
N3R6R5L
N8L7R4*
N5L7*1R
N8L1R2R
N4L3L2*
N2L3*6*
N8L6*3L
N5L2L4R
N6*5R3R
N7R3R8*
N8*5R6R
N6R4*7L
N4*7R2R
N1L4L8L
N1R2L8R
N2*5*4*
N1*2*8*
N6*7*4*
N4L2L7*
N1*3L8L
N1*7L3R
N4R5*2R
N2*1*8R
N3*7R6L
N6*2*3R
N7L6*3R
N6*3R1R
N1L2*3*
N7L8*5L
N2R7R8R
N1*6L4*
N1L8L5L
N5L3R8L
N8R2*3L
N2L8L4R
N7*1L6R
N5R7R4R
N6*7*8L
N8*4L1*
N4L5R8*
N1L4*8R
N1*6L4L
N8R4L6R
