N7L1R8R
N7R2*5L
N7R6L5L
N7L5R6*
N2R1*7*
N6R5*8L
N5*4R8*
N7R4L3R
N6*1R3*
N2*7R1R
N5R2*4L
N3L2L4R
N1L4*6L
N4*5*8*
N3*2L5L
N2R6L7*
N3R8L5R
N7*3*8R
N1*2L3L
N5R8L1*
N1L8L6R
N8*5R4L
N3*7L8R
N2R7*8L
N2*7R8L
N6R4R7R
N7*1R4R
N6R5R8L
N5*3L1*
N8*6*1*
N7L5*4L
N4R5R1L
N6*1*8R
N6*8*5R
N1R4R8L
N3R6*2L
N3*4R2L
N7R3*5R
N7L8L2L
N2*7L5R
N3L8L7*
N3L7*2R
N6R4L2R
N6*7R3*
N7R1*4R
N8L3R5L
N7*3*5R
N8L2*3*
N6L8L5*
N6*1L5L
N6L2*7*
N8L3*1*
N2R4R6R
N2R4L5*
N5L7L6*
N4*3*2*
N1L8*4L
N3*6*7L
N6*8*3R
N4R6L1R
N6R2L5*
N8*3L5R
N6*5*3R
N4L6*8L
N5*1R3L
N1R6R5R
N3*1L5R
N2R5L1R
N5R4R2R
N1R2R7R
N1L3*2R
N2L5R1L
N6R8*7*
N3R6R1R
N6*4R3*
N4*3R7*
N2L5R4*
N6*2*3L
N5R2*1R
N2L5R7L
N4*7*5R
N2L4*8*
N3R2R8*
N8*5*6R
N4*5*3L
N8R2*6*
N8*7*5R
N7R1R4*
N1*3R8L
N6R4*3R
N2R1L3L
N2L5R6R
N7R8R4*
N6*8R2L
N3*8*1R
N3*1*2L
N1*4L2L
N8*6L7R
N7R6L3*
N2R5*7R
N2L1*4L
N4L8*6R
N2R6*8L
N4R2L1L
N6R1L2*
N2L6*1L
N6L2L4L
N6L1R3R
N6R7L8L
N6L2*3L
N2L3L7R
N3*8R1*
N1*3L6R
N6L3*8L
N6L4R2L
N4L6R8L
N3L2R4*
N8*7L5R
N6R5*4L
N5L8*6*
N4*8*3*
N3R7R5*
N2R5R3L
N5*1R4*
N4L7R5L
N6*1*3*
