N1R3R4*
N7*8R2R
N4L5R3*
N3*1L5*
N4*1R2R
N4R1L8L
N2L1L5L
N8*5R2*
N5R8R1*
N1L4R5L
N6*5*4L
N6R1*2R
N4L3L5L
N4R5*7L
N5*8*6*
N7L3L5R
N6L4R8L
N7*2L1L
N3*2L1*
N5R6R4*
N5R8R6R
N4L1L6R
N7R3R4L
N2L7*8L
N4L8L6R
N8R3L4R
N7*1R8R
N4*8R5*
N4R2L1*
N4L8*7L
N6R2*5R
N7R8R3L
N3L1L4R
N5L3R7R
N5*3*7*
N6L2*3R
N4L3*2R
N3R1*8R
N2*6R7L
N6L8L2R
N8*3*7R
N5L4*6R
N7L4*1R
N6*7L4*
N5L8R2*
N8L1*3L
N6*3L2R
N8L7L1*
N2L7*3L
N8*2*5L
N8L5L6*
N5R7*4*
N7L2L5R
N2L5L1R
N6*1R4L
N1R8L7L
N5*3L2*
N4*3R1R
N5R7R1*
N7L6L3L
N2*5R8*
N6R1L8R
N5*1R6R
N4*1*5L
N7L2L8R
N2*7*5L
N5L1*8L
N3L6*2L
N6R1R5L
N2*7R6L
N1L2L6*
N8*2R5*
N1*3*7R
N4R3R6L
N2R4L3*
N3R2L6R
N4L8R1L
N7L5L3*
N7*6*8L
N2*3*6*
N3R1R4R
N7L5R3*
N3*2R8L
N3*4L6L
N2L1*5R
N1R7R3L
N4*5R2*
N8L2R4R
N8L7L6L
N1L4R5*
N2R4L5L
N6*1L2L
N4L3R5R
N6R3*2R
N2R6R8*
N8L6*2L
N2L4*1R
N2R7*4*
N8L3L1*
N8L6*4L
N6R5*4*
N6*1*4L
N1L4L2*
N3*5R8L
N4L2R6L
N7R1R5R
N3*1L8*
N5*1R2*
N1*8L7R
N5L3*7L
N1R8R2*
N1L8*6R
N1L4*3L
N8*3*2*
N2*1*3R
N6*8R4L
N4L1L7R
N1R5R8L
N6R1*5*
N4R6L1L
N3L7*8L
N5L2R1L
N3R7R8R
N4*8R6*
N5*3*6*
N5*8*4R
