N7L4L2L
N6R7L8R
N3R1R4L
N6R4L7L
N4*6L7*
N4L6*3*
N6L4L7L
N4R1L5L
N7R6R4R
N3*6*8L
N8L5L4R
N6R1L7R
N7*6L4L
N5L3*2R
N8*7L2L
N6R5*7R
N8*6*5R
N4R6R1*
N5*3R4*
N8*2L6L
N4L7L3L
N8*4L7R
N4L5*7*
N1L3*7L
N1L6L7*
N2*8R6*
N3L7*1R
N5L6R7R
N4L6*5R
N7L3*2*
N8R7*4*
N4R6R7R
N1L7*5R
N8R3L6*
N5R4R1R
N3R5L4L
N7*5L3*
N8*7R5L
N6*8R3R
N6L7*5L
N8L1L4R
N4R2R6*
N7R2*5R
N3L6L1*
N6*2*1L
N6R7R4*
N8L3*5L
N6L7*4R
N4L6L7L
N6R2L4R
N7*4R8R
N4*3R1*
N7*5R8R
N4*7L5R
N8*7R2R
N4*7*3R
N8*4R6*
N5L7L2L
N8*3*6R
N3L7*8*
N7*5L4L
N8R4L7*
N3L8R1*
N5*1R7R
N1*2L8*
N7R6R5*
N4R2L6*
N2*7*5R
N3R7L2*
N6*2R3L
N7L8*1*
N2*1R5*
N8R4L7L
N8L6L4*
N3R5*8*
N3*7L4R
N3R5L1R
N2L1*6R
N8R1*5L
N1R5*3*
N6L1R3L
N3*4L1*
N5*6*8R
N3*6R2*
N8L2L6L
N6L2*3*
N4L5L1L
N4*2L3L
N6L8L7*
N3*7L8L
N6*5L1R
N1L4R7R
N6L3R5*
N2L7R3*
N4*6R5L
N7*8*5R
N6*3*1R
N7R5R1*
N5L2R7L
N7R5R8L
N6R4L3R
N1*7L6L
N3L6L4L
N6*7L8R
N3*7R5L
N2*8*4L
N3R2R5L
N5R2*1L
N8*5*2*
N3*8*5*
N2L3*8L
N5R8R3R
N8L5*1R
N8L1L6R
N6*3R4L
N4*2*3*
N7L4R1L
N5R7L2*
N6*5R8R
N3R7*5*
N5L1R8R
N3*1R6R
N3R2R4R
N1*7*6*
N1R4*2L
N4R7L1*
