N1L3*5R
N4L8L7*
N4*8*6*
N6*1R8R
N6R8L4*
N7R4R1*
N4*7L6*
N4L7R6*
N5L8R6*
N3L2L1L
N6L2R7R
N3L8R6L
N7*6R2L
N7L3R8L
N6*5L8*
N7L4*5L
N6R1L4*
N3L2R5L
N5*1*4*
N2L7L4L
N8L4*5L
N8L1*2*
N2*4R1*
N3R4R7L
N2L6L1L
N6R1R7R
N6*5R4L
N3R1*7*
N5R2*6L
N4*7L1L
N8R4L6*
N2*4*3*
N5L1R3R
N6*8R2R
N2*8L4*
N2R6R7*
N8L7R3R
N2L4R8R
N6R8*2R
N5L2L3R
N8*5L1R
N8*6L5R
N7*8R5L
N6L2R8R
N7L4R5L
N6L8*2R
N1R4L2R
N1R5L3*
N3R5R8*
N4*8R7R
N8L4L5R
N2L4L6L
N7R5*8R
N3R5*2L
N4L6L8R
N6L4R5R
N4R1L6L
N7R2L8*
N2*3*7R
N7L1*2L
N8L2R1*
N6*8L1R
N8L1R7*
N5*6R8*
N3R5R2L
N8R1R4*
N6*1R4*
N7R8L6R
N4*7R8R
N1L8*7L
N4*8R6L
N3L8L6*
N5*1L2L
N7*8*6R
N7R1L2R
N2*5R6R
N6L8*5*
N1R6L5*
N2*6L3*
N6L4*5L
N8*2*7L
N2*7L6R
N2R3R5L
N2*5L6*
N2R3R1*
N1L3*8L
N2R8*1R
N6L8*2*
N8R5*6L
N2*3R4L
N7*5R2*
N5R3*4*
N6*4R1R
N6R3*4*
N4R8*5R
N2*3R7R
N8R5L2*
N6*1*2R
N6L4R8*
N3R8L2L
N2R3*7*
N6R5R7*
N6R1R4*
N1L8*3*
N3R2R8L
N5*4R7*
N7L6R8*
N3R2R6*
N8L2L6R
N1R2L5L
N2L3L8*
N7L3*2L
N7*6L4*
N1L8R7L
N7L5R2L
N8R3L5*
N1R4R7*
N5R4L8*
N3*5L8R
N2L8R1L
N3R6L7R
N1L5*8R
N2L5L1*
N7R6L3R
N2R8L6*
N1*6*5R
