N3R6L5R
N3R4*8R
N7L2*8*
N3*7*2L
N4L6L5R
N7R6R8R
N4R5R7*
N2R1R6L
N2*3L1*
N6L4L1R
N7*6R1*
N7R2L1L
N3*6R7*
N4L5*1*
N5R8*2*
N5*1*8L
N4R1R8*
N4R1*8R
N3L6L2R
N5R8R7L
N6L7R8L
N6*2*4R
N2R1R7*
N7*6*3*
N6L1L2*
N2L1R7R
N6L3L1R
N7*8*6L
N2R3*6L
N2*7R1*
N5R3R7L
N5*2R4*
N5R4*6L
N6R3*5L
N4R6*5*
N3L8R4R
N8R5L4R
N6L2R5*
N4R5R8L
N4*5R7L
N4R1R5R
N4L6*7R
N7*6R1R
N4L8*7R
N2R3R1R
N7L6*4*
N1R7*6R
N2*6*4R
N8*6L2*
N8L4L6*
N1*6R4*
N8*2*5R
N2L1R4*
N1*3*8R
N4L5L8R
N1*4R7*
N8*1*2R
N7R3*8R
N6R2L1*
N2L5*7L
N3*6*5*
N3R2L5R
N2L1*4R
N7R4R5L
N6*8L3R
N1R3*8R
N6R1R3R
N6L5R2*
N5L1L8R
N2*7*6R
N4R5R2*
N8L6*2R
N4R7R6L
N5*3R6L
N8R4*2L
N5L6*7*
N8*3L6R
N4L2R8R
N8L1L5*
N1R4R6*
N1R6L8L
N2L3*4R
N2*5*1*
N3R6R2*
N1*5L3R
N6L7L2R
N4*5*7L
N4L7*3*
N2*6L3L
N8R7R4*
N7*4*5R
N3L4R8*
N2*3L4*
N8L6L7R
N2R1L8*
N1*6*8*
N7R1R6L
N7R6*2*
N3R8R4*
N1L6*8R
N8R2R3R
N6R3L5L
N3L7L5*
N4L7R3*
N5*6*4L
N5*2R3R
N6L1*7L
N2*3R1L
N2R8L5*
N3L2*6L
N7*3R2*
N4R2R1R
N1*5R2*
N6L2L7L
N5R8*7R
N4L6L5*
N7*1L3L
N2L7L1L
N2R6R1*
N6R3L4L
N6L3L4L
N2L1L4*
N5R1L6*
N7L8R5*
N3R2R6R
N5*8*6L
