N5L3R6L
N7R5*6R
N6L7*2L
N4L2*5R
N4R5*6L
N5R2L6L
N6R7R3*
N7L6R1L
N8*7L1R
N4L1R8R
N8L1*7*
N3*7R8L
N1R2*6*
N4L5R7*
N2L5R4L
N7*2L1R
N2*7L4L
N2*1L5L
N1R7L3R
N5*8L2*
N8R1R3*
N7L4L2*
N6*4*8L
N3L2R7L
N5R3L6L
N8L5R6*
N1L2*5R
N4R7*8*
N2*3*5*
N8R1L6*
N3L8L7L
N2L6R5L
N7L3*6*
N4L5L2*
N4*8*2*
N5*6R4L
N3R4R5*
N5*6R8L
N6R7R3L
N7R4L3*
N6L1R8*
N8*1R3*
N3L1R5L
N3L4L2R
N4R7L3R
N6*7R2*
N4*1R8*
N7L2*8R
N2*4L7R
N6R5R2L
N3*5*4R
N1L3R6R
N7L6L8L
N6*4R7R
N3L7*1L
N3R6L5L
N4R3L7*
N8R1*6R
N4*2*1L
N8L4R7*
N2R8*4R
N1R8*5*
N4L5R6L
N5L8R7R
N4R5R2R
N8*7L4L
N1L2*7L
N8*5L7*
N8R5*3R
N6R2*5*
N2L6R4R
N7L6*4L
N4*2*6L
N3*4*5R
N2R4L7*
N4L6L1*
N6L5L2L
N8*5*7R
N3L8R1L
N4*3*5L
N2*3*4R
N7L1L4*
N2*4L1R
N7R3*4R
N8R1L5L
N2L1L8R
N3*6R7L
N1*3L4L
N1R8*5R
N2L1R8L
N6*2L7R
N7*1R3L
N4*8R6R
N6*7*5*
N8*1*2*
N5R8L1R
N3*4R7*
N3L8R2R
N6*8R4R
N5L4R3L
N3L2L7L
N2*8L5R
N7R1R2R
N2L5L6*
N5L2*8R
N3L1*2R
N5L8L4L
N8L6R1*
N1L3L5*
N8*5R7R
N4R3L8*
N3L6*4R
N5L8L7R
N7L5L3R
N3R7*2L
N1L6L8L
N5L1R3L
N5*2R1R
N1L7R4R
N4R5*7*
N7R1R4L
N8R7R4L
N2L6*8*
N1R6*4L
N8L2L7L
N2L6L1R
