N1L5R8R
N8*4*5R
N6R1L5L
N3*1L4L
N4L1L3*
N6*2L5R
N4R3*7*
N6L4*7L
N2*6R7R
N7R8*3L
N7*4R5L
N8R3*2*
N1*4L2R
N6L4R7L
N5R3R2R
N3L8*7R
N8R1*7L
N6R1R2L
N8R4R3L
N5L3R4R
N3R8L5L
N1L2L5L
N2L6*5L
N5*6*3R
N5*6R2*
N4L5L8L
N7R1L2*
N2*8L5*
N3L2L6L
N4*7R3L
N5*1*6*
N2*4R6*
N7L6R2R
N5L2L7R
N3R4R2*
N2L7R4*
N7L3R1L
N1L2*5L
N8*4R6L
N5*4*7R
N2*1*4R
N1L5R2L
N1L3*4R
N7L3*5*
N8*4R1R
N3R8L7L
N1*4*7R
N8L7*4*
N4R8*6R
N5*6L2R
N3*1R4R
N4*8R1R
N8*1L2R
N1R7R5L
N1*5R7R
N3L6L7*
N3L5R2R
N1R5*7L
N1*8L7L
N7R4R5*
N7*2R3R
N1*2R4R
N4R7R1L
N7L2L6R
N1L2L7*
N3L6R4L
N1R4*8R
N5R7L8L
N8R2L5R
N2*4*7R
N5L8L3*
N4*8R1*
N7R3L8L
N6R4L5L
N6L8L1*
N7*1*3L
N4*6R1*
N3L1*5*
N3R7L1L
N7*5R8*
N7R6R1R
N4*6L1L
N8*5R3*
N6*1R8*
N2L6R1R
N2L1L6R
N7L8*6*
N4R8*3L
N3L8R7*
N4L8L1L
N5R1*3*
N3*2R6*
N6*7R5L
N1R7*4R
N2R5R4*
N6*2*3*
N8R3R5L
N6*1R5R
N6L1L4L
N2R5L3*
N4*7R5R
N7*4*5*
N5*1*3L
N6L8*3L
N5R3*1*
N2R6R5R
N8L2*3R
N8L5*3L
N5L1*8R
N1L2L8L
N4R1R6L
N6L7*4L
N8*6R7L
N3*2*8*
N8R5L6*
N7L1*6R
N7L2L8L
N5*8*3R
N6R5*1R
N1L6R4*
N5*8L4R
N3R8*1*
N8L4L6L
N5R1L8L
N2*7*8*
N5*7R8L
