N4*8L1L
N5R7*1*
N2R4R1L
N8R4L2L
N8L6R3L
N6L5L8R
N6L7R4L
N4L7R6L
N5*7R6*
N2*3*4L
N2R5*3R
N8L6L4L
N3*2L8R
N3*8*6L
N5*7L1L
N6*7L5L
N5L1*6L
N1*4L2*
N8L1L3*
N5*7*2L
N6L8L2L
N7L8L5L
N3R1R2R
N1L3R4*
N2R8*5R
N3L6R4*
N3*4R8L
N8L6R5R
N5R6L8R
N6*8*5*
N7R8*6R
N8*1*7R
N5*8L2R
N8*1R2*
N4*7L6R
N8*5*6L
N4L1L3L
N8R3*1L
N7*5*4L
N8*7R5R
N3R5R4*
N7R5L6L
N6R4*5R
N4R6R8*
N5*4*8*
N6*5R4*
N2*5L3*
N3*2*4R
N8L1R4*
N8L1*6L
N4R1L6*
N3R8*1R
N1*6L2L
N8R4R1L
N1R5R4*
N5R6R4R
N7*5L3L
N6L7R5L
N6R7L1R
N2*7R1L
N2R5R7R
N8*1R7*
N5*2R6L
N5L1*3*
N4L5*2L
N8L2*1*
N7*4R1L
N1L7L2R
N6*3R5L
N8*1L5*
N3R8*4L
N7R3L2R
N3*2L6*
N1L8*7R
N5*4R7L
N3L2*4L
N7*8*2R
N7R1R8*
N1L6R2L
N2L1L3L
N5R2L8L
N1L8L6*
N1R5*8R
N4R1R5L
N3L1R6L
N3L2L7*
N2L3L8R
N7*4*1R
N8L5*4*
N7L2*3R
N5L4L2*
N6R5*2R
N8*3*2R
N8*6L7L
N2L6*3*
N8L7R6*
N5R1*4*
N3R6R1L
N4R8L2L
N4*3L7*
N4R8L3L
N1R4L6L
N8R2*7R
N8*5*7L
N2L7R3L
N6L2L7R
N1L2L3L
N7R1*8R
N3L2L8L
N6*2*8R
N3L1*5L
N4L6R1R
N5*7L1R
N6L5L8L
N2R8R4*
N6L7R1L
N3R6R5*
N5*3R7R
N5R6*4L
N3R6R4*
N3*8R7*
N6*5R1L
N2R5R1R
N8R5L6R
N2L1L7R
N6*4R5R
