N5R6R8*
N1L5R2*
N6L4R8R
N7*1*6R
N3L8*4*
N5*3R7*
N7*6R3L
N8L7L5L
N3R5*2R
N1L2L5*
N6R1R4L
N5L8R4R
N2R6*1L
N5*1R2L
N7R3*5*
N3R7*8R
N3*4*2*
N5L7L1R
N3R4L2R
N1*2R7*
N8L3*5*
N7R6R8*
N3*2L7L
N8L4R3*
N8*6*7R
N3R7*8*
N4R2R7R
N1R3*2*
N6L8R1L
N1L4L6L
N7*3R4*
N1*4R3*
N8R4R5*
N1R4R2*
N5R8*4R
N7*2R8*
N8R2R6*
N8*6R4*
N4R1R2*
N3L2L6*
N8L4*6R
N3R4*1R
N2R8L4*
N1*7L6*
N3L8L7R
N3L2R7*
N7L8L2*
N1L6*3*
N8L7*2*
N3*8L2R
N1R2L4L
N3R7R2*
N5R8R2R
N3L2*6*
N8R5R6L
N5L3L1L
N7*2R5R
N4*1R8L
N7L1*3*
N8*5L4L
N6R2R4R
N1L6*5*
N3R5R6L
N7*3R1*
N7R2R1L
N1L2*4L
N4*1L6L
N4R3*1*
N5R7R6R
N5*7R1L
N2*8*4R
N4L6*8*
N3L6R5L
N7L8R5R
N2R5L4R
N3R5*7R
N3L4*2R
N4R6R3*
N4R2R6R
N2R1*7R
N1R3*2R
N8R1L3*
N7*4R2*
N4L7R5*
N3*8R4*
N4*3L2R
N7L2R3L
N8R4L5*
N4R3R7L
N1R3R7*
N2R8*7R
N6R2L5L
N2R8*4*
N4L1*2L
N1*6L3R
N7*3*1R
N2*4*6*
N7*2*5R
N8L6*7*
N6*1L4*
N3L4R5R
N2L3R6R
N2R5L3L
N5L6L4R
N4*1*8L
N2*4*6L
N2R5L6R
N6R4*1R
N6L4*3L
N5L2L3*
N6*5L3R
N6L1*5R
N1L2*6R
N5*7R3R
N8R2R3*
N1*3R6L
N1L3*8*
N1R7R6R
N3L6R8L
N4*3L1*
N4R1L3R
N2R3L6R
N7L5L2L
N2R4*8L
N6L8*4*
N1*7*2L
