N1*5R3*
N3L8*2R
N6L5L3L
N3R1*2L
N5R2*7*
N6*5*2L
N7R5*8*
N4R8L6*
N5L1L7R
N5L7*3L
N7R1L5*
N7L3L6L
N7L1*4R
N8L6*7R
N8R1R6*
N1L7*5L
N6*8R7L
N2L4R6R
N8*7L1*
N4R2R3R
N1R5L6*
N1*5*3R
N7*3L5L
N6L5R8R
N4L2*3L
N6R8R5*
N6*1*2*
N6L5*3R
N8L5R1R
N4L5*7R
N2L5R6L
N8L5*2*
N1L4R3R
N4R7*2R
N8R1L4R
N3*6L5*
N1R7L8R
N6R1*7L
N6*3*7*
N2L8*6L
N1R3*7R
N5L7*8L
N6*4*2*
N1L3*5L
N8R4L1L
N4L7*6*
N5*8*6R
N5*7R2R
N1R3L8R
N2R6R3R
N5L6*8R
N6*5*3*
N7*8R1*
N1*2R4L
N4*6L5L
N4L2R5R
N7*1R2L
N8*4*1*
N7R4L2*
N2R7R5*
N2L4L7L
N2*4L5*
N4L6*7*
N8R7L6*
N3*4R5R
N5*8R2L
N4R7R6R
N5L6*8*
N2*7*8R
N4R8R2*
N7L3R8*
N3L5*4R
N7L1R5R
N1L2R7L
N2L8*5L
N3L7L2R
N5*7L3*
N3L8L4L
N6*7*4R
N1L7*8L
N4L7*1L
N6R1L8*
N3*7R6R
N8L4L2L
N8L4R5*
N6R2R3R
N1R5R7L
N5R3L4L
N3*7*6*
N4*1*3L
N2*6L1L
N1R7R6L
N4*5*6R
N4*5R2L
N7*2R1*
N6*2L7L
N5R6*4R
N2*8*4*
N5L3*7R
N5*6R4*
N1L5*6R
N2R8*7*
N8R2*1L
N8*4*6*
N1L4L7*
N6L5L1L
N3*8L7L
N1R6L4*
N5L7L1L
N4*8L6R
N2L7*8R
N1R4L8*
N1L5L2*
N7*1*4R
N8*3*7*
N1*7L2*
N8L2L4*
N6R1L2R
N3*6R4R
N2L7L5L
N8R3L6L
N3L5R4L
N3*8*4R
N1*6R8R
N7L3L2*
N6*5L8L
