N8L5L4*
N2L5*8R
N3*1R7R
N4R1R2R
N3R6R8L
N4*8L5*
N6*7R4L
N2L8*3R
N3R8L2*
N6*1R4R
N4L6L1R
N1R7*4*
N2*3R1R
N5L7R6*
N5*4L3L
N1*2R6R
N6L8L7L
N8L5R3L
N5*1L8R
N7*2R3L
N5L1L4*
N2*5*6L
N7L2R6R
N6L8*5L
N7R6*8*
N3L1R5R
N2*3R5L
N5L8*2R
N3R8R1*
N8*5L7R
N4L6L8L
N2R6L7R
N7L8R4R
N7L3L5L
N6*8*4R
N5R7L1*
N6L1R2R
N4*2L6*
N6R3L5R
N3L6*5*
N1*8*4R
N6L2*7R
N3R1*6L
N8*6L3*
N6R8L4L
N7R1L6R
N5R1R2*
N1*4*5L
N5R2*8*
N5*4R7R
N4L8L5L
N4R8*5*
N1R4L6*
N7R5R4L
N5*7R1*
N5*1*3*
N6*4L8L
N6*8L5*
N6L5L4R
N5R1*2R
N5R8R7*
N3R5R8R
N4R2R7L
N6L7R3L
N7*6R4L
N5*8R3L
N4*5L3*
N3*5L2L
N8L4*5R
N4R5L1R
N5R7*3*
N6L7*4*
N2L5R3R
N3*7R5R
N6L1R2L
N1R2R3L
N2*4R7L
N7L1R5*
N1L4*3R
N5R8L4R
N5R8L2*
N4L2L8*
N5R7R3L
N2R3L8L
N1L5*4R
N3R4L6*
N8L5L7L
N3*6L2*
N6L3R2*
N7*1L2*
N2R3L4*
N8R7R6*
N8R6L7L
N2*1L6*
N6L7*5R
N2R5L1*
N1R6R4*
N7L1L5L
N2R7R8*
N8*6R4R
N3*8R4L
N3*7R4L
N6L7R3R
N6L2L1*
N1R8*5L
N3*1*5R
N6L3L1*
N6L5R7R
N5L4*6L
N7L3L8L
N3L7R1*
N6R1*8R
N8R3R6*
N1L5L6R
N1R7*3*
N1R4R6R
N4L5L3*
N7*6L5*
N6R5L1R
N5L6R8*
N4L3*6*
N1*5*3*
N2R4*6*
N4R7L8L
N2*8R6L
N3R8L1*
