N3*7L5L
N5L4L8L
N4*6R8L
N5*2R8*
N2R4R3L
N8*6L7*
N4R3*8*
N4L3L2L
N1*4L8L
N4R2*5L
N1*4*7*
N8*6R3L
N1R6R3R
N1*4R2L
N3L5R4R
N6R3R2R
N1L5*7*
N7R3R5*
N5L7R3*
N6R2L8R
N2L4L6R
N5L2R1*
N5L3L8*
N8*3R7R
N3R1R5R
N6R3*1R
N6R2*5L
N8R6*1L
N2L7*1*
N1*7R6L
N5*1L8*
N2R7L5*
N6L7L1L
N1L4*2R
N8R3*1R
N2L6R4*
N3*7*4L
N2*4*8R
N7*6L8*
N6*7*2L
N8L1L6*
N4R3R6R
N4L8*5L
N7R1R2*
N8L2*7R
N4*6L8*
N1*8*3R
N7L6*8R
N3R1R7L
N7*1*5R
N1*2R3L
N3L6R2L
N4*6L5*
N8R2L7R
N8*4L3*
N3L5*7R
N1R5L2R
N3L5*7L
N1R5R7R
N8L1*3R
N3L2*5L
N5*3L7*
N8L2*5R
N2L7L5R
N6L4L3R
N8L7*1*
N3L1R2R
N4R2*7*
N7R5L3*
N4*5*3*
N5L8L7*
N3L8R7R
N8R4*7L
N6L1*8*
N7R8L2*
N8*2R4R
N4*1*6*
N7*4R6R
N7L6*5*
N5*1L2R
N1R8L3*
N1L4L5L
N6*3R8*
N8R3R7L
N5*1R3*
N3L5*1R
N2L6L3*
N2R7L5R
N5*1L3R
N7R4*2L
N8L6L1*
N5R1R6*
N5L2R3L
N2R5L1L
N4R6*2R
N4L3*1L
N3R5R4R
N7R8L5R
N3*4*7R
N6R3L2R
N4R6*1R
N5R2L4L
N4L6R7R
N2*5*6R
N5*1R4R
N2*1*7R
N8R5R1*
N8R5R3L
N1R6R7*
N2L6R3L
N3*5*8L
N2L5*3L
N4R6L8L
N2R7*6*
N7L5*6R
N1*6L7L
N2R6L5*
N1L6R8R
N7L4R8L
N4R6L7*
N2L3L5R
N4R1R8L
N5R1L3R
N4R7*5R
N3*8L2L
N7R3L4*
