N8L4L7*
N5L8R1*
N3L7R5R
N3R4R8R
N1L8*2*
N8R3L5L
N4*1R7R
N1L5*7L
N2L8R3*
N1R8L3R
N1L2R8L
N7*8R2*
N8*5L3L
N8*1L2*
N5R4R6R
N2*3R4R
N4L7L6L
N5*2R7*
N6*8*7*
N6R7L4R
N3*1L8R
N4R7R2L
N3L7*4L
N6L5*1R
N6L2*5L
N7*8L5*
N4L7*3R
N6R2L1R
N7R6R1*
N2*1R3R
N2L3*1R
N1L5R3L
N7L4L3*
N2*4R7R
N8L5*2R
N4R5L6L
N4L1*7R
N3L2*7L
N2R3L7R
N4L6R3*
N6R7*4R
N8*1*2L
N7R5R3L
N7R5L4*
N4R3L5*
N8R2R4*
N4R3L1*
N7*3R1L
N6L3L7*
N2L7*4L
N5R8R1R
N7*2*8*
N3*2R6L
N3*6*5L
N1*4L3*
N4R8L5L
N2R6R1R
N2L5L3L
N6*7R8*
N3*8R2L
N3R2L6L
N1*7R3L
N2*8R6R
N5L3*7*
N7R5R8R
N7*6L1*
N1*2L4*
N8R5L1L
N4L7*8L
N4*5R7*
N6R5R7L
N5R8L4L
N1*7L5L
N6R2R5L
N3R2R5*
N7*4L3R
N1L6*8L
N5L7L2*
N6L7L3*
N2L6L4R
N1*5*4*
N4L8L7L
N5*3*2*
N4R2L3L
N1L3L5R
N2*7L1*
N3*5L4*
N5R1L2R
N1L7R5R
N5R7L3*
N1L3*7R
N6R1R3L
N1L5*7R
N8*7L4*
N2L4L7R
N4R6*7R
N2L4R1*
N7R2*1*
N2R6*7*
N1*7R2L
N5L3L4L
N1R2*7R
N5*4*1*
N7L1R6R
N3*4L2*
N1*5R4*
N6R8R1L
N5R2L1*
N8L3R7R
N6*5R2*
N1*5*7R
N4L7L5R
N7L1L4L
N1*5R8*
N1L5L6L
N1L4*2*
N4L1R8*
N1R6*8L
N6L8*7L
N5R6L3R
N6R7R4L
N7R2R5L
N2L8L7R
N8R3*4L
N3*2*4L
N8*4*5*
