N3R7R6R
N8*1R3L
N4*8*1R
N2R7L6L
N8R2R4R
N6L4*3*
N5R2L6R
N7R2*6L
N6*2R4L
N5*6*8*
N4*5*3R
N5R1L8*
N8*1R5R
N2R1L7*
N8R3L1*
N5R7L6R
N2L4*6R
N5*8R4R
N2L8L6R
N7L4L8*
N8R3R5R
N7L3L4*
N5*2L4L
N6L1R3*
N8L2R5*
N6L3*4R
N1*3R6*
N3R4*5*
N1R4L6R
N2R3*5*
N1L8L7R
N8R2*6R
N5L2*1R
N3L6L1R
N6L4*2L
N4*8L3*
N3*1L2L
N7L3*1R
N7L6R8L
N6R5L2R
N3L1L2L
N4R1L7L
N5R2L1L
N7R1*3*
N2*6R8*
N2L7R6*
N7*8R1L
N1R2*8*
N5L2*8*
N2L5R8R
N1L7R3L
N4*3*6*
N3R4R1*
N4R7*3*
N6*4*3L
N8R6L1*
N6L7R1*
N6*4L3R
N1L2L8R
N3L1R4L
N6*2L7*
N5*2L1L
N7*2L5L
N2L6R8L
N1*7*3L
N4L6L7*
N5R6L1R
N2R1*3L
N3L5R8L
N3L1R6*
N1*3L8*
N1*6*8R
N8L1R4R
N7*4L1L
N3R6L4R
N6R8L2*
N6*5L1*
N2L4L1*
N1R3*8*
N3L6R7L
N4R2L5*
N5*2*3L
N6L2L5*
N1*4*7L
N3R2*1*
N4R6L3*
N1*5*6L
N2L5*8*
N4R3*7L
N5L3*1L
N2R4*5L
N7R2R6R
N5L3R1L
N6L2R4*
N4*3R2L
N3*5R1R
N7*1*8R
N7*3L4R
N4L6*3L
N8*7L5L
N7L2R1R
N2R7R4*
N7*3*2L
N7L1*5R
N8L6*1*
N7R2L8R
N7L3R6L
N7L3R1R
N8L7*4L
N5*4*3L
N3L1*4R
N1*2R4*
N7R3L1L
N4L8R3*
N3R7L8L
N5L6L1L
N7L3R5*
N1*3R2*
N1L3*7*
N7L4*6R
N1*8L2R
N5L4R8R
N5*4L6L
N2R6*4L
N1*2R8*
N7*2R6R
