N3*5R1*
N2R8L3R
N1L7L2L
N4*6*7L
N6L4*5*
N7R2R4L
N4R8L6R
N6*2*4L
N1L6L2*
N7L4R8R
N7*1R5*
N4L1L7L
N7R8L6*
N2L7R6R
N1*5*2R
N3L1L5R
N7L3*1L
N1R6*2*
N7R4R8R
N8R7L6L
N8*1L3R
N4R3L6R
N5L4R8L
N3L7L4R
N8R5R3*
N6*7*5L
N5R7*8L
N4*5*7*
N1*3L5R
N3L6R8*
N6*7*5R
N5R2L1R
N8*2L3*
N3R2*8*
N8R5*3*
N7L8*4R
N3R6*7L
N5L2R8L
N8L2L3L
N6*1L3L
N6*8R7R
N8*5*4*
N1*4*6L
N4R7R5R
N3*8L5R
N5*2*3*
N2L7*1R
N8L7R2R
N5R8R7R
N5*7*6*
N8*2R1L
N2L7L4*
N6L4*7*
N3R7R1R
N5R6L8*
N3*8L5L
N4R3*1L
N7R4*1L
N7R5L2*
N2*1L6R
N6*5L4R
N2*7L4*
N4L2R1L
N8L6*3*
N3L1*8L
N7*2L8L
N6R4*5*
N7*6R1L
N1R4*2R
N1*6R7L
N4*1R5L
N7*5*6R
N7L5L4*
N5R4L7*
N7L8L2R
N2L8L1*
N8R4R2*
N6*1L8R
N5*8*2L
N5R3*6*
N8L3*2R
N8*4*7*
N2L7L5*
N1L7L4*
N7R5L3L
N8R6L5*
N3*5R6L
N7L6L1*
N4R6*7L
N8*6R3R
N7L4R2R
N5R4L7R
N1L8*5R
N1*7R4L
N3*6*4*
N4L8*3R
N8R6R3R
N8L1*2R
N7*6*1L
N1*7L8L
N6R5L2*
N7L4R3L
N7R5L8L
N3*7R5*
N2*7R6*
N4*7R2*
N8R1R5*
N1*7*2*
N2*7R6R
N7L5*2*
N6L8L4R
N1*2R5*
N2R3R5R
N2*6*1L
N3R2L4L
N3L7*6L
N7L4L1*
N3L7R1R
N7*8*1L
N8*7R6R
N3R8R6R
N8R6R2R
N7L3*6L
N7L1L3R
N8R1R2*
N7*1L5R
