N4R2*5R
N6R1*3R
N5L3*8R
N2R3*1L
N4*1L6*
N6L4L2L
N7*1L3*
N6L4R2R
N4R5R8R
N4L6R8R
N6L3R1*
N4*6L3L
N1L6R7R
N7L8R1L
N2*8L4L
N2L3*8R
N4*8L3L
N6*3*1*
N4R1L6R
N6*8L2L
N5R3*4R
N7L5*3*
N8L1R5R
N1R4R8*
N6*8*3L
N8L5*2L
N2L7L8R
N6*2R8*
N2L6*7L
N1R5R2*
N1L5L7L
N3L6L8*
N5R1L7L
N5L8*1R
N4*5L1R
N2*7L3L
N2*4*1L
N3*1L4R
N2L7R1*
N8R7L3L
N7L3L4L
N4R3*6R
N3*5*2*
N3*4*1R
N7L2L1R
N2L5*1R
N2R8*6R
N1*4R2*
N7*5R3L
N1L8R7*
N4R2L7R
N8L2R1L
N1R6L3R
N7*8*3R
N2R8L5L
N8L7R4L
N4*7*3*
N8L5L4L
N3*7*2R
N8L5*6*
N5L2L4L
N3*1R8*
N5L6R4R
N7*6R5R
N5*4L1L
N4R8*7*
N6R3L5*
N7*3*4L
N4L2L5*
N6R8*4*
N6*4L2L
N1R6*7*
N6L1*7R
N7L2R8L
N7L8L3L
N1R7*4L
N2*8*7R
N8R4*5L
N1*3L2R
N6*5*2*
N7*1L3R
N5*4*8L
N1R7L5L
N1*3R2R
N8*5*4R
N1R6R7R
N5*1L4L
N6L8R3R
N8R5*2*
N3R2R1L
N4*1*3*
N7*4R1*
N4*3L8R
N4L2L5L
N7R2R8R
N4L1L5R
N3L8*4L
N7R4R6*
N7*8R1R
N3L4L8L
N6L4*2R
N5L7*6L
N7R5L2L
N7*8R6R
N4R8L5R
N6R4*8R
N8R4L2R
N2R5*8L
N5L3R7*
N5L1*7L
N8*3L4R
N8L1L2R
N5R6R3L
N7*1R3R
N6L8*7*
N3R7*1*
N2R4L6R
N7*5*8*
N4*3*6R
N2L8R5*
N5L2R8*
N8*1*4*
N2R3L1*
N6R2R7L
N7*6*2R
N5L4*3*
