N5R4*3L
N6R8R4*
N7L2R4R
N1R3L6*
N4R5L7*
N1L4*6R
N2R7*4L
N8L3*1L
N8L5L3*
N7*6*1R
N2R8*6L
N2L3R4*
N2L1L7L
N6*5L3*
N8L2L1R
N8*3*5*
N3R7L8*
N6L4*7R
N3R6R8*
N2L3L1R
N4L5L3L
N5*2L3R
N3*1R5L
N2L8R7*
N3*5*7L
N3*8L1*
N5*4L2R
N1R3*4L
N5R6*3R
N3R6*2R
N5L6L4*
N7R4*6R
N8*2*3*
N6*2R7L
N2R3R8L
N2*6L8L
N5*1R7L
N2L8L7L
N7R3R6L
N4R2L7L
N5L1L8L
N7R8L4*
N8R1*4L
N3L4R2R
N5L6L2*
N8*6R5*
N4L6L2*
N3R2R5R
N7R5R8*
N1*3*2*
N4R5L6*
N4R8*1L
N3R7L6L
N3R7*5L
N2L7*6L
N8R5*4R
N3*4*2L
N2*7R5R
N8R2L6*
N1R3L7R
N4R3*6*
N6*4*5R
N3*5*2R
N3*1R2*
N8L2L5L
N4L1R3R
N6L2L5L
N8*6*2R
N2L8R5L
N6R2R3L
N6L8L3R
N3L4*1*
N8R5*3L
N5R3L2*
N2R8L7*
N2L3R8R
N1R8*4L
N2R4R8R
N6*1*4R
N4*2*8L
N2*1R7R
N5*6L8*
N3*2*1R
N5R1L6L
N8R6R1R
N6L3L5*
N4R5R7R
N2L8L5*
N3L1R8R
N4L3L8*
N2*7*1*
N7R3R6R
N6L4R5*
N1L3L6R
N4*1L5*
N7*5*1L
N7R1*5R
N5L8R2L
N1*7R4R
N2L6L4L
N7*6L3R
N7L8R2*
N6*7R5*
N2R4R8*
N2*4L3L
N8*6R1*
N6*7L2L
N7R8R6*
N5L2L1R
N2L1*6L
N5L3*6*
N4R2L5R
N2L3*6L
N2L3R5*
N3*6R8L
N5L1L6*
N3R8R7*
N3R2L6*
N5*7L6L
N8L3L5L
N6*7L1R
N4L7*3L
N8*6L4L
N8*6L2L
N5L1R4R
N6*2*5R
