N2R1R5R
N2L8*4*
N6L4L8L
N7L6*2R
N8*7R6L
N5L4*6*
N3L4*5L
N2L7*5*
N3R6R2L
N8L6L2L
N5L7L8L
N2L1*4*
N7*5L1*
N7R6L3L
N5L7R8L
N3L6R2R
N5R1R6L
N6*7*8R
N4*3*5*
N5L8R4L
N6*7L3*
N3*2*5*
N1*2*4*
N2R5L6L
N5*6*4R
N3R4*7L
N7L1R3*
N5L2L8*
N3R6R1*
N1*3R2L
N4L6L3L
N8*2R1*
N7R6R1L
N6*2L5L
N1*7R5L
N4L5*3L
N4R5*8L
N1L5R7L
N3R5L6R
N4*5R3R
N6R8L7R
N8R1R7R
N2R4R7R
N7R6R3R
N8*4R3*
N4R6*5L
N2*1*7L
N4L5*1R
N3*6R8R
N1R7R5*
N7*3R8L
N6L3R8L
N7R8R6R
N4*6*5R
N1L4R3L
N4*7R3R
N4R1L7R
N6L1R7L
N4L3L1R
N6*1*4*
N5*6R3R
N2L5*4*
N1R7R3*
N5*6R4R
N6*5R3*
N6L7L2*
N4L5R2R
N6L8L4L
N1L7*4R
N8*4R3R
N7*1L2L
N3L1R7*
N2R8R5L
N7L2L1*
N6R8*3*
N1L4*5R
N8L7L6R
N1*5*8*
N2R6*3*
N3*4R5L
N5L8R6L
N3*4R7R
N7*3L4L
N3*6*2L
N8R7L2*
N5R6L7R
N4L5L7*
N7R6*3L
N7L5L4L
N8R3*5*
N7*2*3*
N8R6*5*
N8*6*4*
N5R3*6L
N8*1L6*
N4*1*2R
N6R3R1R
N8R7*2*
N7L8L6L
N6L3L1L
N7R8*4R
N6L8L2*
N6L3R2L
N8*6L4R
N7*1L6L
N1*6R8L
N1L6R5*
N3R7R8*
N2*6R3L
N3*2R5*
N3*2L4L
N1L7R8L
N2R4*1*
N3R5L2*
N3*6R2R
N8*1L3*
N1L8*4*
N2*7*4L
N6L3*1R
N8L4R2R
N5*6*1*
N2*5L7L
N4R7*8L
N8R5R4R
N1*5*4L
N8R5L4*
