N1*8L4L
N7R1R2L
N5*8L7*
N1L4R2*
N4L7L3*
N1L5*8L
N1L5R8*
N7R3*6*
N7R8R1L
N6*8R5L
N4L3R5L
N7R4L5R
N2*6R5L
N5*2*4L
N1R5L3R
N1*3R7R
N6*7*1L
N3*6L4R
N6*4R3R
N5*3*6L
N4R6L2L
N6L8L5L
N8*6*2*
N6*7L2R
N4*1*8R
N3R4*2R
N8*7R2L
N1L4R2L
N5*6L1R
N1*3*2L
N4R1L8*
N4R1*8*
N6*7*1R
N5*8L3R
N5R8*1R
N8L4L1L
N4*2R1R
N8L4*1L
N7R8*4L
N7L4L3R
N8L5*3*
N6R7*1*
N5R3*8*
N7R3L5*
N2L8R5R
N2R7L6R
N3R4*2*
N2*1L5R
N5R4L2R
N2R5R8R
N5*8R6L
N8L6*7L
N2*4*3R
N4L7R3R
N6*1R7R
N1L6L2L
N8L5L1R
N1R3R4R
N6*7L2*
N7R6R5L
N1L7R2L
N1R7*6L
N7L1R4R
N7L2R1L
N3R2*7*
N6R2*8L
N3*2R1R
N4R1*6R
N3L7L1R
N8R4R2R
N1*5R8R
N5R4R3*
N6R4R2R
N5R1*3R
N5R1L4*
N7L8R4*
N2L1R3*
N1L6*5R
N3*8R4R
N7L5R1L
N3L1*6*
N5*2*8R
N6*8R3L
N8R1R7*
N1R6*4*
N4R8*3R
N8*3R5*
N6*2*7R
N6*2L1L
N4L5L6*
N6R8L4R
N1L5L6*
N1*4*2*
N1L3R7*
N5L3R6*
N1R4R5L
N1*5R4R
N6*7R5R
N3*6L8R
N7L1*6*
N5R4*1*
N4*5L7*
N5R1R7L
N5L1R2R
N6*1R2R
N6*4L7R
N1L8L7*
N2*8L7R
N8L4*3L
N3L7R2R
N6*1L3*
N4R1R7R
N1*5L4L
N8L5R6R
N4*1L3L
N8L6L7*
N4L5*3R
N4L5R1R
N1R7L4L
N3R1L8R
N5L3R8R
N8L5L1*
N8*5R6*
N2L4*7L
N1R2L7L
N4R7*5*
