N1R6*5L
N6*4L1L
N6*7L3L
N6*2R3R
N4*5*2L
N2*3L4R
N4*7*6L
N2*5*8L
N4R5R1*
N5R7R2L
N7L1L2L
N3L6R7*
N1R7R2*
N4R2L6R
N2L3*1*
N4*1R6R
N1L5*3L
N5L8*7*
N4*3R1L
N8L7R5R
N7L3L1R
N3R2*1L
N2L8R7L
N6L3*7R
N6R8R7L
N4*2R5*
N1*2L6R
N4R3*8R
N6L1L3R
N6L4L3L
N4L1R7R
N1*6R7*
N7*8L4*
N2R4R1*
N6*3R4R
N8L4L7L
N6R1R7L
N6L7*1*
N7R1L6L
N8R1*5*
N7L5*2L
N8*6L1L
N1*7L2R
N1R7L4R
N2R3*1*
N2L3L4R
N8R3R5*
N2L4*6L
N7L8*5R
N1*5R2R
N3L6*8R
N1R5R8R
N2L4R3*
N1*5L2*
N4R3R5R
N6R7R1L
N4L3*2*
N4R3R1*
N3R2L1L
N7*2L6*
N8R1*3*
N2*3L5*
N6R8R3R
N2*6*1*
N6L8R7L
N7L4*5R
N2R6*5R
N7R8*2L
N3*2*4*
N5L8R4*
N8L4R1L
N8*2L7*
N2L6R3R
N2R5L6*
N8*4*2R
N5L2L1L
N2R4L3R
N4*8L3R
N6*4R7L
N6R7*3*
N7R4*5R
N2R6L4L
N8*5*4L
N1L5*6*
N5*2*4R
N8R2L4R
N1R4L3R
N6L1*8L
N5R2L3*
N3R2*5L
N2L6*3L
N7R5R4*
N1L3*6*
N7*5R3R
N2L3L5L
N3L1L8*
N2R3L5L
N3R1L7R
N5L8L2R
N4R2*3R
N3R8L4R
N4L3*2L
N8R2R5R
N8*3L2*
N6*4R5L
N2*6R5R
N7L5R8*
N7*4*6*
N6*8*2L
N8L7R6R
N7R2L4R
N6R7R2L
N3R5L1L
N7*5R1R
N8R5*7R
N8*4*6L
N4R8L7R
N6L8*1R
N2R6L5L
N2*5L7R
N3R8R1L
N1R6L4R
N2L1*5*
N6R5L3R
N1L5R6*
N6R7R4R
