N1R6L8R
N8L4R5R
N3*8*2R
N2*1R8*
N2L4L8*
N5*2R8L
N5*2R4L
N2L8L1R
N8R4L1*
N1*8L5*
N2R1*5R
N3R2*5R
N3*1*2*
N8R6L1R
N8R4R5L
N3R4R8*
N3*6*7*
N7*2R6*
N4R7R8*
N4L7*1R
N8*3R6*
N2L8L7*
N4L1R2*
N6*5*1R
N5L2R3*
N5L7*4R
N5L1R6*
N6R8L7*
N2L3*7*
N8R2L1*
N8*6L1*
N1*4L7L
N2L5R3*
N6R7R8R
N4L1*7L
N5L4*2*
N7L3R2R
N1R8R4R
N2R7*8R
N2*3R5*
N1*8L2L
N7R4L5L
N6*3L4L
N4L5*7L
N8R6*4L
N1R3R2R
N3R1*4*
N6*8R3*
N1L7*3R
N6R4R1L
N8R3*6R
N6L3L4R
N5R6*2L
N7R2*8L
N1L3*5*
N5L4L8R
N7*2L8R
N5R6*7*
N4*5R3L
N6R4L3*
N4L8R6L
N1L3R7R
N8L3R7*
N1R8R5L
N5L1L4R
N5R4*1R
N6*2R8L
N2*7L8R
N4*5L3R
N4*3R2R
N7L5*8*
N3L2R1R
N8R7R1L
N5L6L7L
N6*8L1*
N8L1L2L
N3*1*6R
N7*1R4*
N2L4*3R
N1*4*5R
N5*7*8*
N3L2R6L
N6L5*4R
N6L5L7R
N4L5R6R
N5L7R2*
N6R4R8R
N7*2R5*
N3*7*6L
N4*3*2L
N7L6R5R
N4L1R6R
N6R2L3R
N1R7L6*
N5*4L6*
N1*4L6L
N7*3*1*
N7*6*2*
N7L3*4R
N2R5*1*
N8*2*1L
N1R2*7*
N5*8*4L
N6R7*3R
N7*1*2*
N6*5L4*
N8L3L6R
N7R1*6L
N8*6R3*
N4L2*5*
N7*3L1*
N7L1*8L
N7R1R6R
N5L8L3R
N6L3R5R
N2*1R4*
N8R4L2*
N1R5*6*
N4L3L2R
N2*6L1*
N7R1L8R
N4*7*1L
N5R3L4R
N1L4L6R
N1R4*8L
N7L5R4*
