N7*8*1*
N4*7L1*
N2*8L6*
N5L3*2*
N5R4*6R
N3R8R4L
N5R6*1L
N8L3L4R
N3R6L7L
N2R3*4R
N6*7R8R
N7L4*2R
N1R6*7R
N3L7L8R
N3*2L5R
N2R3L4L
N3R7R2R
N8*1R5L
N3*6L4L
N5R8*2L
N6R1L3*
N5*1*4R
N5L3*6L
N2R8*4L
N2R8R1R
N2*7*8L
N7R8L3R
N2*5L1*
N8R2R1*
N4*1*2L
N6*1L2R
N3R8*2R
N7*8R4L
N1L5L4*
N5*1*7R
N3L2L8*
N4*6L1*
N5*2L8*
N6*4L8*
N7R3R2L
N1R4R3L
N3L4*7R
N5L7*4*
N3*4*8*
N6*1*5*
N5L6R2*
N4L2L8R
N5R2L3L
N7L6L4*
N6L2L8R
N7*4*8L
N4*2*5R
N6R4R3L
N1L4*7L
N5L2*1*
N3L5L4*
N4*8R3L
N5*3L8L
N1*5*8R
N4*7*3L
N8L3L2L
N4*1*5R
N6L5R2R
N3R4L5*
N1R2R8R
N4*2*3L
N5L7R4R
N2R3*5L
N3R8*6L
N3*8L6R
N4*6*8R
N1*7L6R
N7L6L5R
N8L4*3*
N7L5R3L
N4L2L7R
N1R8L4L
N8L1*7L
N8L4R7R
N7*6L1L
N3R7*4*
N5L4L1L
N8*4L6*
N6L8R2L
N1R6R4L
N2*8*5*
N3R4R1R
N4*8L7R
N1*7R5R
N7L5*2R
N3L6*7L
N6R4L5*
N1L4*7*
N5L7R3R
N6*8L7R
N3R4R6L
N2L5*6L
N2R8R7*
N8R5*7L
N4L6*5*
N7L6R4L
N5L8L2L
N6R8L3L
N1L5R7*
N5L8*4R
N3*1R7*
N1*3L5*
N6L2R3R
N6L2L1L
N5R2*1*
N6R2L7*
N4L6*5L
N5R2R7L
N4L8R2L
N6*1R8L
N4*1*7R
N4R2R1*
N3L1R8L
N8L3L1L
N6R3R1*
N3R1L4L
N3R1L7*
N6L4R3L
N6R8*1L
N2R8R1L
N7R6*1L
