N3*8L6*
N5R3*6R
N5R1*8*
N5R6R1L
N3*7L1*
N8R5R1R
N7L5R4L
N3L6*2R
N8*3L1*
N1*7*6L
N5L7*3R
N8R7L6R
N2*4L6R
N4R2R3*
N3L1L4*
N5*1*3R
N4L8L6L
N4*5L8L
N2*8*1L
N1R8R4L
N7L1R6L
N5R2L3R
N7R2L3*
N8*7*2R
N1L5L4L
N6*7L5*
N5L1*6*
N3L6L2L
N8*2L4R
N1*2*6*
N8R7L4R
N2*6R5*
N4*8*5R
N3L2R8L
N4R2*1*
N3R2L5*
N1L2L4*
N5R4R8L
N1R4*5*
N8R7L1L
N3R5L2R
N3*1L6R
N5L1R4L
N8R4L5L
N2R6L8R
N1R5L6L
N8*6R7*
N3*6R1L
N5L1L6L
N6L3*1L
N5*4*7*
N7R8R4R
N5*7L3L
N2*3*5R
N2L6L1*
N2R4L8R
N1R4L5*
N4*5L6*
N6*3R5*
N7R8R2R
N3*8*5R
N7R3R4R
N3R7*1L
N1L2R4L
N8L6R4L
N8R6*1*
N4*5R8*
N6R2L8*
N4*3*6L
N7*4*1L
N7R4*2R
N1L4R7L
N2R7*5*
N7*2L6R
N8R2*6L
N7*5L1L
N6*8L4L
N8*6L4*
N7L3L6R
N8R2*3R
N6R5R1*
N5*3R6R
N2R1R8L
N6*1R7*
N6R2*7R
N7L2*5L
N6R4L7*
N8L1L7R
N6L2R1*
N5L7*2*
N6*1*5R
N3L5R7R
N7R4*8R
N5*3*7L
N4*6L2*
N5L4*2R
N8R7R2R
N6L7L8L
N7L2*4R
N6L1*2L
N5R6*8R
N4R8R3R
N1L6R2R
N6L3L8L
N6L5R7*
N4*7R1R
N5*6*1R
N2R3R6R
N6R2L5R
N3*8L4*
N6R5L4L
N3L2R5*
N7R5R6*
N7R8R5L
N8*2L5L
N1*6L3L
N7R4L6L
N6R7L4*
N4*7R2L
N1L5L3L
N7*4R6*
N7*1L2R
N7*3*2R
N3*6*8*
N7L1L2*
N1R5*7*
