N7*8*3L
N3R4*6*
N1*6R3L
N1R5L8R
N2R7R6R
N3L8*5L
N5*1R6*
N5R2R8*
N5L2*6L
N8R4*1L
N8R2L3*
N2L1R3R
N4*5L7R
N2*5*3R
N8*2R6L
N5L7R3L
N1*6R7R
N5L4*7R
N6R4*8L
N4R8R1R
N2R6*1R
N7*2*5L
N7L1L3*
N6L3R4*
N8R2R3L
N1R7*3L
N2R7L8L
N4*5R1*
N2R7R6*
N1R7L5R
N5R8*7*
N1R8L6R
N2*7L1R
N8*2*3R
N6R7R3R
N8*1*5*
N8R4R5R
N1*3*5*
N3R5R2R
N7L4R1R
N1R5R6*
N5R6R8L
N7R8*5*
N7R8R3*
N3*1*7L
N1R7*5R
N5*2L4*
N7R3*4L
N1L4L3L
N2L3*4*
N2R8*3L
N3L4L1R
N6*1*2L
N3R5R4L
N6R5L4R
N5R8*3*
N4*1L8*
N8R5L3*
N8R3L7L
N8*3*7L
N2*3L7*
N5R1*2*
N6*2*1*
N6R8*5R
N5R8R2L
N7R2*4R
N7*5L2R
N3R5R1*
N3L7L2*
N6R5R7R
N7*2*1L
N4R5L3L
N2*7L8*
N5R4R7*
N8L6R1R
N1*4*2L
N6*7*8*
N8R3R4L
N6R5*2L
N2R8*6*
N3R1R4*
N1L4R6*
N1L6*5L
N1*8L7*
N8R3L2*
N4R8R2R
N7*1*5L
N2*6*5R
N2*5L8*
N8L3L7R
N8*3R6R
N1R7R6*
N8*5L3R
N5R3*1L
N7R2L1R
N7R1L3*
N7*8*2*
N5L7*4L
N7*4R3*
N2*4L1*
N4*8R2L
N8*1R2R
N5R4R2L
N7*6*8*
N6*5L1L
N8R3L4L
N2R1*5L
N1L7*2R
N8L1L2*
N4L1L6L
N3R2L8R
N1R7L5*
N5R8L1L
N4R3L1R
N7R1*8*
N7R1L4R
N6R5L2L
N5R8L4*
N6R7R5*
N2R5*6R
N3L2*7*
N1L8L3*
N5*7L8R
N2*6R4L
N6*5R1*
N4L1*8R
