N7L5*3L
N8R7*3R
N3R1R2L
N4*5L7L
N1R2L3R
N2R7L5L
N2L7*6R
N1*6R2*
N8*2R3R
N5*3L6*
N5L6R7*
N7*3*4*
N7*8L2R
N7*5L6R
N1L6L2R
N6*3*2*
N6L3R1L
N8*2R6R
N6L8L3*
N8R1R3L
N7*8R3L
N3R8R7R
N3L5L4L
N8R3*7R
N8R5L3R
N3L8L2L
N5*2R6*
N5L2L6*
N5R3R2L
N1L7*6L
N2L1R6*
N7*8L2*
N6*5R7L
N6*5*1L
N1*6L2*
N6L5*2L
N8R3*6L
N1R2L3*
N4*6R3L
N6*3L4*
N3*1*5*
N2L5*4L
N2R3L8R
N1R8R5R
N4L2*6*
N1L7L8L
N8R2*7L
N8*7R1R
N1*8L5R
N6L8R4R
N5*7R4*
N5R2R4R
N6R5R4*
N1*2R8R
N5L2R4*
N8*2L3R
N5R2R1R
N4L1L2*
N5L8*6L
N4L8R7*
N1L6R8L
N2*1*6R
N5L8R3R
N4R2R5*
N7R5*4*
N4L1*8L
N4R1L3L
N1L6R3R
N6R1L7*
N7L5R1R
N1R3*6L
N4*2*1*
N2*6*8R
N5*2*4*
N2R8R7R
N3L2R4R
N2R6*1*
N2L4*3*
N4R6R5*
N7R4R1L
N3L8*2*
N2L8*6*
N5*3L8*
N3*5L2R
N7*3R6*
N2R8*5L
N2*8R5R
N3*8R6R
N5*3*1*
N6R8L1R
N6R4L5R
N4L2*3*
N8R1*7*
N1R6L4L
N4R5R3L
N6R3L1R
N7L4R6R
N2L4L5R
N6L5*2*
N3*5*2L
N8L2*1R
N1L3L2L
N7*6R8*
N5*7L2L
N5L8L6L
N8*4R2R
N6L1*2*
N2L4*5*
N1R8R2R
N2L1R6R
N2L7L6R
N6R2L3L
N6R3*1L
N7R8R2*
N7*8L3*
N3*2R7R
N1*6R5R
N6*4R2*
N1R3*8L
N1*3*5R
N2*5L4L
N4R6*1*
N3R2L1*
N3L8L4R
N3L1*6R
N8*7R1L
