N2R6*5L
N8R7L5L
N2R4*1R
N3L7*6R
N5*1L7L
N4*1R3*
N3L7R4L
N2R7*3R
N8*7*3R
N5R2R8R
N3*6L1R
N1L4*5L
N4L5*3*
N2R7R3L
N4*1R7L
N5R4*2R
N6*4L2*
N4*1R6L
N3*1*4*
N1L7*2*
N2R4*6L
N5*4R8L
N5R8L6*
N1*3L7R
N2*4L3*
N6L7L3L
N3L4R6R
N8L2*1L
N4L6L7R
N5*4L1*
N2R7R5R
N7R1R3L
N1R3R2*
N1*6*3*
N4*5R1R
N2R5L3R
N6*1L4R
N4*8L6L
N6*4R7*
N4L5L1*
N8*5*3L
N4R5*6R
N7R2L6R
N2L8R7R
N3R4R7*
N2*1R7L
N5L1L2R
N5L7L6L
N2*5R7R
N5L6R2L
N2R5*7L
N4*3L7L
N8L3L2R
N1R2*6L
N8L7*1R
N8R4L7R
N4L1L5*
N7R2L4*
N6L1L4R
N8*6*7L
N7R4R2R
N1R7*2R
N7R4*8L
N3L4*6R
N7*2*6L
N4*6*7R
N2L1*7L
N8R6R1L
N3*4*6L
N5*7*1L
N4*8L2L
N3L7R8*
N7*1*6*
N7L2L3*
N3L6R8R
N7*8R4*
N4*3*7*
N5R1R7R
N3*7*5*
N6*8*4*
N1*2L7*
N7R3R2*
N2R1*8L
N4L6R5R
N1R5R3*
N4R8*3*
N5L2*7L
N7R3R4*
N8R4R3*
N3R8L1R
N8R5R7R
N6R3*7R
N8L7R5*
N4R2*8*
N4*3L6R
N2L5R4R
N8R2L3R
N4*6*2*
N4L5L6R
N6L5R3L
N3L1L6R
N5R8*7L
N1R3R2L
N1*8R4L
N7L8L4R
N7*2*6R
N7R4R6L
N8R7L5*
N8R5*1L
N8*5L4*
N5L4*1R
N8L3R4*
N1R5R4L
N2*1L3L
N1R8*7R
N3L6L1L
N3R6R4R
N4R7R3L
N8L1R5*
N4*8L6*
N1R7*8R
N8R3R1*
N2L4R3L
N3L5*7*
N3L1L7*
N8*1L7L
