N1R3L5*
N4R2R5L
N6L1*3R
N7*3R8R
N5L1L6R
N3*6R4*
N6R4L2L
N4*6R5*
N4L7L1R
N2R7*3L
N3*8L4L
N3*6L2R
N8*2R4L
N3L7*4*
N2R4*7L
N4*1L7R
N8L4L5*
N6*8L5R
N7L1R2L
N2L5*6*
N8R7R6L
N1R8*3*
N7L4R8*
N2R4L1R
N3*4L7R
N1R6L3L
N2L8L3*
N8R5L7*
N6L5R8L
N5L8L2*
N3*4*5*
N7*3L8*
N3*4R6R
N2R4*5*
N4*8R7L
N1L8R5*
N7*2*8L
N5*4L8*
N4R7*6*
N3*4L6R
N1R6L2R
N6L2*1L
N1R2*4L
N7L5*1R
N5L1L2*
N3L8R6*
N7L2*5*
N7*5*2R
N2L1*7R
N6R8R2R
N4L8*6L
N6*3L1R
N7R3R8L
N5R7L2R
N3L2R4L
N6L8L3L
N5*8L1*
N6*1L3R
N4*5L2L
N7L8L3*
N1*6*5*
N3L6R5*
N6*2*8*
N8*2L4*
N2*8R7*
N7*5R3*
N5R6*3*
N7L6*5R
N8R5R7L
N6R3L4*
N1L3R7L
N8*5*6*
N4R2*3*
N6*4*1R
N3L5R8*
N1R5L8L
N4R7*5L
N7R3*1L
N4L3R7*
N6*5L7R
N2L6L7*
N4R8R1L
N7R5*3L
N7R3R1R
N8R4L3*
N8*1L5L
N8*7L5*
N4*6R7*
N5*2*8L
N7*6L8L
N2*1R6*
N3R8R5*
N3R2R4L
N3L4L7L
N3L4*1R
N8R1R2R
N6R2R5R
N7*6R4R
N2R7L4R
N8*4L2L
N1R8R3*
N6R1R5*
N4*8*3R
N3R1L5R
N2*1L4R
N3*4*6*
N4L8*3*
N5R3R8*
N6R3*7*
N3*8*2*
N3L8*4R
N4L7L1*
N3*1*2R
N3L5*1*
N1R7R4*
N1*7R8*
N5*4*1R
N3L5L6R
N2L5L7R
N3L8R2*
N7*1R8L
N8L4R6*
N6*3*5R
N6R5*7L
N5*8*3*
N2*4*6R
