N4R1*2*
N5*7L1*
N2*1L8L
N1L3R8L
N1L5R4*
N1L5L2R
N3L6*8*
N1*6*3R
N6L3R7*
N5L4*7L
N8R4R7R
N6R3R5R
N5*3R2R
N5R7L8R
N7R3*8*
N3*7*4*
N8L7R1*
N3L5L8R
N4L3R1L
N2R3R4L
N5*3L4R
N5*2*6R
N6R4*5L
N7*3R4L
N8R5R4L
N6L5L3*
N8R7*4R
N5L8R3*
N7R1L5L
N5*2L4R
N2R5R8L
N6L5*8L
N7*4L6*
N3R8L6*
N8R2L1L
N8R3*4R
N4R2L3*
N1*7R8L
N6R5*1*
N2R1*4*
N7*2L5R
N1*4L7R
N4*6*2L
N7R6R8L
N6R8R4R
N2*4R1L
N7L1*3R
N5R8*6R
N2*1*3L
N2*8R3R
N7*5L1R
N8*6L1R
N5*2*1L
N4*8*5*
N5*1R4L
N5L3R7L
N8R7R2L
N5R4R1*
N4L6R2L
N8*1L2L
N5L6R3L
N3L7R5*
N8L4*6L
N6R2R7*
N8R2R7R
N8L2*6R
N4R8*2*
N4*7L5*
N3*8L5*
N4L6R5L
N6*2R7R
N6*2R7*
N4L5*6L
N5*3R2L
N6L2R5L
N3*2R6R
N7R6L8L
N8L5*7R
N6*2*7*
N5L1R7L
N7R6*2L
N1L6L5L
N4L3L8R
N4R7R8L
N1*7*8R
N5L8*3*
N4L6*3R
N4*1L2*
N5R4*7*
N5R3*2L
N7L6L5*
N1R2*6R
N4L1R6*
N7L2*8L
N7R1*2R
N6R8*3R
N5*8*2R
N2L8*4R
N5R3L6*
N7*3L1R
N7L3L8R
N1R3R7R
N5R3*2R
N2R7L8*
N8*7R3L
N8L2*6*
N1L7L3*
N3L1R2*
N6*5*7*
N5R7R1L
N1*3R5R
N8*7R3*
N3*5L1R
N4L3*7*
N3*4L7*
N1*3*6R
N2R5L7*
N2L3R6L
N8*4L1R
N7L4L2R
N8R7*2R
N8R3R2L
N7*6L5L
N3*6R1*
N8*5R1R
N7L2*1*
