N4R3L2L
N7*8R3R
N3R2L4R
N1*3*8*
N4L5R8R
N7L2*5R
N3L1*5R
N1R7*2*
N1R8R3L
N8R4L1R
N6L4L2*
N2R3*4*
N8*5*1R
N3L7R4*
N8L4L1R
N6R4*8*
N4*2R8*
N7*1R5R
N2*7*4R
N5*8*7L
N1*6L4R
N3R6*1L
N6*3*4L
N4*5R6*
N7*5R6L
N5*6L1L
N6R4*2*
N1*5R2L
N6L1*4*
N3*8L7*
N7*8R5R
N3R6L7*
N3*6L7R
N3*1*5L
N3L5L6*
N1R2R4R
N1L6L4R
N8L5L2*
N7*6L5R
N2L7R4L
N5R6L7L
N3L6L4*
N1L8*7*
N5L1R6L
N6*3L5L
N2R1L3*
N1L8*3R
N8*5L1*
N6L8*3R
N3L5R6L
N1L2*6*
N7*4L5R
N6L5L3R
N8L3L2*
N1L2R3R
N5*3*8L
N2*5L4R
N5*1L8L
N2*3L5L
N3*7*4R
N3R5R7L
N5R8L3*
N1*3R4L
N4*2L7L
N5R3R1*
N1*7L8*
N7L4*8*
N3R5R1R
N7*2R3*
N3L7L6R
N2*5*1L
N6*4*2R
N7*6*3L
N5*8*7R
N7R4*5L
N6R2L8L
N5L2*1L
N8R2L7*
N6R8L1*
N3L2R7R
N8L7*6*
N3R8*2L
N8R2*5R
N3R6R2R
N7L1*4*
N3L5L8L
N4L2L3L
N4L8L5R
N5R6L4R
N6*4L5L
N4*8R2R
N1R5R8*
N8L4L5L
N1R3L2R
N1R3L2L
N1L7L3R
N8L1*3*
N6L1R7*
N3*4R6L
N3*7*8L
N6L5R4L
N5*8*1R
N3L6L7R
N5*8*1*
N7R2R6L
N7*3*5L
N3*7R1L
N2L7R3R
N3*4L2R
N1L6R5L
N2*3R8L
N3R5*8L
N1*5R6L
N2R1R3*
N5*8R2*
N5*6*4*
N4*6R5R
N1L7L5*
N1R8L5L
N4*8R5R
N2*4*8*
N5R4L6*
N4*6L1R
N2*1*6*
N5*8L4L
N8*6R1R
