N5R3L4*
N1R2L6L
N7R8R2L
N4R8*6*
N4L3R6L
N4R1*5R
N4L8L3L
N2*3*5L
N2R5L8R
N8L5R3R
N8*3L2R
N8R7R3*
N1*7R3R
N5*4R2L
N3*5R4R
N2*1R4L
N5R3R1L
N5L4L2R
N7L6R5L
N5L4L3*
N2L7L1R
N5R3R6R
N4R3*2L
N5R7R6*
N5R3*7L
N3R7R5L
N3*2R1L
N8L1*5R
N5*1L4*
N2L4L3R
N3*8R5*
N2R4*3L
N1R8L5*
N1*5R4L
N4R3*5R
N7L3R2L
N2L8L3R
N5R7*8R
N1R2R5*
N1R2R3*
N4*3*7R
N6L8R3*
N8L6L2R
N2*5R1L
N7L5L1L
N2R6L4*
N2*5R4*
N2L6L7R
N3R6L5*
N2*7R8*
N4*1*8*
N4R5L7R
N5R2R3L
N1L2*4R
N1L7L2*
N6R4R1*
N4R8*2L
N2R3*5R
N4R3R5L
N8R5R4*
N8R5L7L
N4L7R8R
N7*3R8*
N2R6*7L
N3L8L1R
N7L3*2R
N1R6*2L
N5*8*1L
N3*8R6*
N7L1L6L
N5L1L2L
N7L8*2*
N3R1R8L
N7R2R5*
N4L7L2R
N7*6R8L
N5L2R3R
N2L6*8R
N1*2*5R
N7R3*2R
N8*2R5R
N3L4L1*
N6*7*2R
N1R4L7*
N4*6L3R
N2L1L8*
N7R4R3R
N6L1R8L
N3*8*7R
N8L6*2*
N2R4*8R
N6R2L7R
N4*2L7*
N8*2R7L
N5L4*3R
N2R8L4R
N6L3*2L
N6L3*4L
N6L8*7R
N6L4R1*
N4*2R3*
N5*3*8R
N8L1*2L
N2*6R8R
N6*8R1L
N3L2R1*
N7R1R3*
N4R7*3R
N7L8*3R
N7*6*5*
N5L6*8L
N5R6L3L
N2*1R5R
N7*1*2R
N5R6L4L
N8L2R3*
N1L5L3R
N7L4R3*
N1L3L6*
N1*2*4L
N1L4R6R
N1R8*2L
N7R6L8*
N2L6L5R
N3L4R6L
N2*7*4*
