N8R4*7R
N1R4*7R
N1L4L2R
N5L3L4R
N7R5*3R
N4L5R7R
N5R3L1*
N4R7R1R
N7L1*5*
N8*6L5*
N7*3*6L
N1L7R5*
N3R5*7*
N8*7L1L
N3R4L7R
N7L1L5*
N6*4R1L
N7L8L4L
N3*6L7L
N6L1L2R
N3*1L2R
N5*2L3*
N7L1R3R
N2L6R3*
N6L4L8R
N4L3L1*
N8R6*1R
N6L5*8*
N5*4R3R
N7R6*4*
N2*1L3*
N5L4L3R
N6R3*2L
N3*2R8R
N6R3L7*
N5*7L8L
N6R8*3L
N7*5*8R
N4L5R1L
N7L3L4R
N4R5L3*
N3R7*6L
N8*6L2R
N7L4*6L
N6*3R7*
N8*2L7L
N8L3R1L
N3R4L6L
N2*7L1L
N2R1*6*
N6R7L3L
N6R7*5R
N7L8*6R
N2L7R4R
N5*3*4R
N5L6R1*
N1R4*3L
N3R4R5L
N2L4*3L
N4*7*1R
N2L3R1L
N5*2R7L
N4R1*8L
N6R7*8L
N6*2L5*
N6*7*3*
N2*7L5*
N5R1*7L
N7R5*6L
N5*1*6L
N2*6*1R
N3L2L1*
N1*3*4R
N6R5*8*
N8L4L2R
N2*5R1*
N6R1*8L
N3R2L1R
N3R1*5R
N7L2R3R
N6L1R5R
N7R6*3R
N8R6L2L
N4R3L1L
N7*4R3R
N6R7L3R
N4L3R8R
N5*1*4L
N2R1R8R
N5*7*1*
N4L7*8R
N3R2*7L
N1R4*2*
N4*2L8*
N5*8L3L
N1*3*2R
N6L5*1*
N7L2*6L
N4*5*1*
N4L3*1*
N1R2L6R
N4L1*6R
N7L5*3R
N1R3*4R
N5L3L1*
N4*5*8R
N3*2*1L
N8R5R1L
N2R8R4R
N8*1L6L
N8L4*5*
N6L2L3R
N4R3*8L
N4*1L2R
N5L7L8R
N7R6*8L
N8L6R7R
N7*3*8*
N6R3L7L
N2R8R3L
N6R5L7*
N3*2L4*
N4*7L8R
N1*5*2L
N3R1L2R
N2*6R1*
