N3L8R2L
N3*7*2*
N6R8L3R
N4*7L3L
N8R1*4*
N6L8L7R
N4*3R6L
N3R8*5R
N2L7R8L
N6R5R1L
N4*3*7L
N4R7*1R
N8*2*1*
N8R6*2L
N2L8L1L
N5R8L3R
N8*7*2*
N6L1*4L
N1R8*3L
N7*3L6L
N2*6R3R
N5R2*4*
N6R8R5L
N6*4R1*
N7*2R4L
N7R1*4L
N6*4*3*
N5L2L7*
N5R2R3*
N4R1L2*
N7R8*5R
N5L6L4L
N8*4R2*
N6L7R5*
N4L8R3R
N1L8*6*
N7L2*3*
N7*4*1*
N8R5L1*
N6*3*4*
N4R7L8R
N4R8R6*
N6R4R8L
N5R3R8L
N2L1*6*
N1R6L3*
N4L8R5L
N4*5L1L
N1*8L2*
N7L1R2*
N7*8L3L
N1*7*6R
N4L8L6*
N5*6R7L
N2L5R1R
N1R2R6L
N1R2*8L
N6R4R8*
N3R4R2R
N8*4*3R
N2*8*7L
N5*7L6*
N1R4L3L
N5L8*7R
N8R6R4L
N2*5R8R
N5L6L1*
N7L1L2R
N4*5R3*
N2L6L5L
N6L3R7R
N5*2*1*
N2*8*6R
N2R7*1L
N6L8L5R
N1L4*8*
N2R8R6*
N5R3L1R
N4*5R8R
N8R1R5L
N1R3L7*
N6L2R3*
N7L6L3*
N1R2L4*
N4*8*5L
N3L2*4*
N3L5*8*
N8R2*1*
N5L7L6R
N1L3*2*
N5*8*3L
N6R5*4R
N8R2L7L
N5L1R7R
N2*4R3L
N1*7R6*
N5L6*3*
N6R4L1R
N4*2*1R
N8R4R2L
N8*7R2*
N7L2R4*
N3R5*4R
N7*3*6R
N4L3R2*
N1R4*6L
N8*1*6R
N6L1R4*
N6*7L3R
N8*1L7*
N8*6L3R
N6R1*4R
N1*3R8R
N8L2*5*
N2R4R7L
N7*8L2L
N1L2*8*
N5*7L2*
N5*1R7*
N8L7L3L
N4L1R5L
N7*1*5*
N8R5*1R
N3R7R4R
N5*4L2*
N4*3*5R
