N3R6R5R
N5L6*4*
N4L5L7R
N5R7L1L
N7R6L4R
N2*6*5L
N6R5R3L
N4*1R2L
N2*7*6*
N7L5L6R
N5R6L1*
N2R4*3*
N3R4*8*
N8R5R3R
N3L8L1L
N1*3L4R
N8L3L7*
N3R4R1L
N7R1L3R
N8*2*6*
N1*8R5*
N5R2*7R
N5*7*1R
N4R2*6L
N3L8L4*
N5*7*6R
N8*7*1*
N8R6*3L
N5L7R1R
N7L1R4*
N1*6L8L
N1*4R7R
N8*2R7R
N5L3R6R
N1R4R2R
N5R4R6*
N6R2R5*
N5L7L4R
N1L8L4*
N3*8R2R
N7L2R5R
N4*2L3*
N4R7R6*
N4L6L2R
N2R6R5L
N1R5R2L
N7L1L8*
N5R1R6R
N8R1*6*
N3L4R7L
N6L7L8*
N1R6R4R
N2R7*1*
N7L3*8*
N7R2*4*
N3L8R1R
N3L7L1L
N2*6L5R
N5R4L6R
N3R6*8R
N4L3L5R
N7*4*5L
N3L7*1*
N1L7*3*
N8*2R3*
N7R6R2*
N7R4*6L
N5*4L2L
N6L4*8L
N5*1R8R
N1L2R8R
N3L4*8R
N5R4*2L
N4*8R3*
N2*1*4*
N5*2L8L
N4*7L2R
N2L4*7*
N4R6L3L
N8R1R6R
N4R7R1*
N4*3*8*
N6L3R2R
N7*3L5R
N8L6R3*
N4L7R6R
N4R6*3L
N5R2*6R
N7*5*2L
N4*7L2L
N1*4R3R
N2L5L4R
N3L8*6*
N1*5R7*
N7*2R1L
N5*8L7R
N4R7L2L
N3L7L8L
N2L1R4R
N2L4R1R
N4R2R8*
N1L8*5L
N5R4*6*
N2L6*5R
N3*1L7*
N2R4L6*
N8*3*1*
N5L6L1R
N4R2L1R
N1*7*4R
N2R3*8*
N5R2R4L
N3*5*1L
N7*8L6R
N4R5L2L
N2*4R3*
N1*6L3*
N7R4L1*
N6R7R1R
N2*5R3L
N5L1*3L
N3R1*6R
N4R1L3*
N3*4L7L
N6R3*1*
N6L7L5R
