N2R7L1R
N7*6*4R
N4L2*8R
N8*3*6*
N6L2L8L
N3*7R2R
N8L2L3R
N6*5R2L
N3*4*6R
N2R8L1R
N7R8L1*
N8*3R1*
N3R1R7*
N7*8*4*
N8R6L2R
N5R3L7*
N8L3*2*
N8*5L2R
N6L1R5*
N3*2R1*
N4*6L2L
N8*4*1L
N5*1*2L
N2R4R6*
N8*2*6L
N2*6L3R
N8*6*3*
N4R1L2R
N8*1R5*
N2L7R5*
N3*1*7*
N3L4*2L
N8L7R2*
N8L1*7R
N3R5*4*
N5R3R4L
N2R8L5R
N3R8L6R
N1R3L5L
N7R3L4R
N3R7R4L
N6L7*8L
N8L4*7R
N7L5L6L
N7*6R3*
N6*8*2R
N4*5*7R
N3*4*1*
N5*3L2L
N3L7R6L
N5R6R2L
N1R2L4R
N7R6*3*
N7L6L8*
N8L4*6*
N5L1L3L
N1*8*3L
N8*1*4L
N2L8R4*
N8L7L3*
N6L1L5L
N7*8L1R
N8L5*6L
N7*2R4*
N6R7*4L
N1R3R8R
N8L6R5L
N2*7R5L
N1*4R2R
N4*8L7L
N2R8R5*
N5R1*7*
N5L4*2L
N3*8*1L
N1R3L4L
N4L2R5L
N8L2L1L
N1R8R5*
N8R1*2L
N7*5R8L
N2R6R4*
N7R8*3*
N4L1L6*
N4*7*8*
N4R7L3L
N2L6*4L
N6*2R4*
N5L4L7*
N3R8R5L
N4L2L3R
N2R3R6*
N3L7L2L
N5R4L8L
N1L3*8R
N3L5*8L
N2R7R4L
N4L2R1R
N5R4*3R
N6*1*3L
N2R7*5L
N8L5R6L
N4L7*8*
N5R6R2R
N2L8L4*
N1*6*3L
N2R4L8L
N1R3L7L
N3R1*4R
N1L6L5*
N7L8R1*
N2*3*6L
N8R3*5R
N5L2L6L
N5L7R2R
N6L3*1*
N4L2*5L
N6L2*4*
N6R2R1*
N4*7*6*
N6*3L8L
N3L5R4*
N2R6L1R
N2L3R1*
N4L5*8*
N6*1L8L
N3R2L5L
