N4L8*5*
N5*2R7R
N1L6R7*
N6L7*5*
N7L4R1*
N4L8R1*
N7R6L4*
N7*2R8L
N5R7*6*
N2*4R8L
N7R3*4*
N1R3L6L
N8R6L5L
N7L6L1R
N4*2R7*
N7R8L5*
N7R1*5*
N5*6L3L
N3L7L6*
N4R8R6L
N7L6L2R
N7L5*6L
N1R4L3*
N6*4*3R
N7L8*3L
N6*1L7L
N3R7*2*
N2L5*7R
N4L2R5*
N8*7R4L
N1R6R8L
N6R8*7L
N7R2L5L
N3*4R5*
N6L5R1*
N3L4R7R
N8*6*3L
N1L8*2R
N3R8*7*
N2*3R6L
N3L7*6*
N4R6R1R
N7L1R4L
N5*2L6L
N7L8L5R
N8R2L4*
N7*8*6*
N1L8R5L
N3R7R6L
N3*1*8L
N4*7L2*
N1L2R3*
N7*4*2*
N7R2R8L
N5R7*4L
N6R1*3L
N8L6L2*
N6L8*5R
N1R2L6*
N5R8L2L
N8*1L7R
N2L6*3R
N6*3*7R
N5L2R1R
N1R4*7L
N1L2R6R
N5*2*1R
N5L8L6*
N7R8L5L
N8L7*6R
N6*2*7L
N7R8R3R
N1*6R4L
N7R1*2*
N1L8R2L
N1L6L8*
N6L4L5L
N4L3R1R
N4R3L8L
N1L8R3*
N3R6*8*
N1L5L8L
N1L2*3L
N2*8R7L
N7*4*6R
N8L6*5L
N7R1L8L
N7*5L4R
N2L3R5R
N5*6R8R
N2R4R1R
N4R3*5*
N8*6*4L
N2L3*6R
N5*2L1*
N8*6L5L
N4*7*2R
N6*7R2L
N1R2*5L
N5*3R6*
N6L4R7R
N1R4*5L
N2R4L7R
N2R4L1L
N4L1R3*
N1L7R2*
N1L6L5R
N5*4*6R
N1*2R3*
N6*7R1*
N7L4L6*
N2*6*3*
N7R2*3R
N6R3R8R
N3L6L8L
N2*8R3L
N3L2R6R
N5*7R2L
N3L6R5R
N1*7L5R
N2L3*7R
N5*4L8R
N5R2*3*
N4R3L6L
N1*4*6*
N6L7*3L
