N7*5*2*
N1R5R3L
N5*1R8*
N6*3*8*
N5L7*6R
N4L1*3*
N7L6L5L
N8*1*4R
N4R5L8L
N3*5R1L
N1R8*2*
N6*4L2R
N7*1*3R
N1L6*8*
N2*4*5*
N5R3L2R
N3R7*2R
N5L7R8R
N7*1*8*
N1L3L4*
N1R7*2L
N8*3R7L
N8*1L6R
N8R1L5R
N1R2R4L
N1R3R6L
N8*7*5*
N3L8L2*
N3L6*1R
N6L4R7*
N2L4R6*
N1L8L5*
N3R1R7R
N4R5R8*
N5R3L8R
N3L5L6L
N2L1R3L
N5*1R6L
N7R2R5R
N5*6R3*
N3R8L7R
N3*1R5*
N2*6*4*
N6*5*4*
N1*7L4*
N8R2R6R
N7*4L3L
N5*3R8R
N6L1*5*
N4L8R6*
N3*4R2*
N8R4R6R
N8R6L4L
N5L8R2R
N2R1*4L
N5*7R6R
N4R2*7R
N4*2L6L
N7L3L2R
N3L6*4L
N8*1R7L
N2R4L6L
N1L7R2R
N2*6*7*
N1R8*2R
N7*8L4R
N3L8L6L
N8L5R1*
N7L2*4*
N3L2R6*
N6L4L7*
N8L2R5L
N4L1L3R
N5*3*2R
N5R6*3L
N1L7R3*
N7L1*8R
N3*5R6R
N7L3L5*
N7R2R4R
N1R8R3R
N5R7L1R
N6R1R8L
N8*7*3*
N4*7L3*
N5*2R1L
N4L2R7R
N1*5R6R
N3L1L8R
N2L3R7*
N3R8L4L
N5L4*8R
N2R1L6*
N4R1R7*
N1R5L7L
N4*5*1L
N7R6*5L
N5*1*7L
N6*5*8R
N3L7R6*
N3*4R1L
N5L7*8R
N5*7L6R
N7L5L2*
N1L5L8*
N4L3*7R
N3R8*5L
N1*6*4L
N7*4R8L
N2*6L4*
N6L3*2R
N3L6R4R
N3L5R1R
N8L2R7R
N8R7R3R
N7L6*8*
N2*7*3*
N5L7R6L
N8L7*1L
N8R5R2R
N1*7R8R
N4L3*7L
N3L5L2R
N6R4R5L
N1R4R6L
N7R3L5L
