N8R5*7*
N4L7R1*
N1L5R3*
N7R6*1R
N6L5L1R
N7R2L1*
N2L1*3R
N8L2R4*
N4*6R8R
N1L2R3L
N4R1R3R
N7*2L8*
N8R1R2L
N3R6L4L
N8L7R3L
N8*2*1R
N6R2*1L
N8R5L2L
N2R8R5R
N5R1*6*
N4L1R2R
N7L6L2L
N6*3L2L
N5*8R2R
N5*4R6L
N1R7L6L
N2*1R8R
N2*3L1L
N5*1L3*
N7R3L6R
N1*7*2R
N2*7L4R
N1L7*6R
N7R1*3L
N8R4L5R
N3R6L2L
N8R1*7R
N4R2L8*
N4L5L2L
N4*2L5*
N6*5R3L
N7R8L3*
N1*3R4R
N5R1R3R
N7L4*1L
N2*8L3L
N7L2L3L
N4*3*1R
N3L7*5L
N4L3R6R
N7R1*6*
N1*3*4L
N1*3R5*
N8*3L7*
N1*2L5L
N1R3L2*
N7*8L3R
N6*4*7R
N7*2*4*
N7L4*3L
N2R6*5*
N7*4L2R
N2R5*6L
N1L8L5R
N8*7L3L
N3*5*8*
N6*8*4L
N1R3*4*
N2*7*5*
N3*2L8*
N5*4*2*
N3R4*6R
N7R2L5R
N3*6R5R
N4L7R1R
N6R1L4L
N6L3*7L
N1L5R6R
N8*1*6*
N3*7L6R
N4R8L7*
N5L4R2R
N6R3R2L
N2*6L4L
N8L3R2R
N8L2*4*
N1*7*5*
N7L4R5*
N3R4R5R
N3L5R7*
N7L8L1R
N7R2L3L
N5R3R6L
N8L7*5*
N4R3R2*
N2R6L8*
N3L2L1R
N1R8L2R
N7R6L5R
N2L4*7R
N7L8*5*
N2*4R5*
N1*3R8*
N7*1R8*
N2*8L1R
N8L7*5R
N1*2*7*
N8*2L3L
N1R5R6L
N8*3R4L
N6L1L5R
N4R5R3R
N1R4R8R
N2*7*6L
N6*3R2*
N1R4*6*
N1L3R5R
N8L3*4R
N8L3*4L
N3R4L1R
N2L7*5R
N4R5R6*
N8*2R5L
N5*6L7L
N4L8R7R
N6R8R1*
