N6L3R4R
N4*2*5*
N7L8*1R
N1R2R6*
N8R2R7L
N6L1R5L
N3R4L8L
N8*2L5*
N3*1L2*
N4L3R2L
N4L7L8*
N6L7R1R
N2*6L5L
N6R3*4R
N2*5*3*
N7R2R3L
N3R6L8R
N7R5L6R
N4R7*3L
N6*2R1R
N6R4R5*
N8*3*4R
N4R6R2R
N4*2L5R
N2*8*3L
N4L1R3L
N8R7R5R
N7*5*1*
N4R7*2L
N5*8L1R
N7R3R8R
N2R1L6R
N1R6L7*
N1R3*6*
N8L7L2R
N1L4*6*
N7L8L6R
N1L3*4*
N2R5*6*
N4R8*1*
N2*8L4R
N3L8L5*
N6*8*7L
N4L7L5L
N3L8L2R
N7R6L2L
N2L3L1L
N3R1R5*
N6L5*4L
N8L3*1R
N1*8*2R
N4L2L6R
N3L8*7*
N1R4R3*
N8L1*6R
N3R1L5L
N1R5*8L
N2*3L4L
N6*5R2R
N4R2*5*
N4*6R3R
N4*1*2*
N8R5*6R
N5L6L3*
N5*6*1L
N1L2R5*
N5*4L7L
N4*3*2R
N5*8R7*
N5*4*6*
N8L7R5L
N4R5L8*
N2L4*8L
N2L5L6L
N7*5L8L
N3*7L4*
N5R8*1L
N3L1L7L
N4L2*7L
N4R6L7L
N2R1R3R
N8L1R3R
N2R4L1*
N1L8L2R
N8R1*3R
N8R6R4*
N4L2*8L
N1L7L4L
N7L5L8L
N1L8R6R
N3*5L6L
N7R2*6R
N6*8L2*
N4L8L3*
N8R3*4*
N1R8*6L
N7R4L2L
N4L6L1L
N1*2R7L
N5L3L2R
N4R7L6L
N8*4R5*
N2*6L5*
N8*5L6R
N7R3L6*
N4*6R1L
N8*2L1L
N3L7L4L
N2R7*8*
N3*7L5R
N5*2L3L
N7R4L8L
N5R2R4*
N1*6L7*
N3R1*8L
N4R8R1*
N7R1L6*
N5L6*2*
N7L6*5L
N1R2R7*
N3L6*1L
N8L2*4R
N5R3*7R
N8*5R3L
N2L1L7*
N1*4R3L
