N2R3L8*
N6R3R4R
N7*3*5*
N6*4L1*
N2L1R5R
N5L4R1L
N4L2R7L
N1R2*4*
N3R8R6L
N3*5R2L
N5L6L7R
N4L7R2L
N8R5*6*
N7R1*5L
N3L6L5*
N2R1R6*
N1*6*8L
N4*5L1*
N5R8*6L
N6R7L2R
N2R3L1L
N5*3L4*
N2R6L3R
N8*6L3L
N2L5L4*
N6R7*4*
N6R7L5*
N3R2L7R
N8*6*5*
N6R7L4L
N1*8R2L
N4R1*6*
N3L8*5*
N8R6R5R
N6R7R2*
N5L2*7R
N3*6*7R
N2L1R8R
N4L7L8R
N1*4R5L
N1*2L8R
N7*8*1R
N1L5R7R
N8*3*5L
N7L3L6*
N3L2*1R
N5R8L7L
N4R7R5L
N7R2L3R
N4*6R7L
N6R7R5L
N3R6L2R
N8R4*7*
N3*6L1*
N3L1R4*
N7*5R2R
N1*3R7*
N3*5R6*
N3L5R1*
N6L1R2*
N2L3*1L
N4*3L6*
N7R2*1R
N2R7R6L
N2L8*5*
N7R5L6*
N2*7R4R
N4R7R3R
N7L6R5*
N1*2*6L
N2*6*5*
N7*5L6L
N6L5R8*
N6R8*1R
N2R7L4*
N2R1R7R
N5R1R2L
N2R6L5R
N6R4R2L
N5L7L4L
N8R6R5*
N8R3R4R
N6L1L4*
N6R4L1L
N6L5R7L
N8L7R3*
N4L7*6R
N1R4L7R
N6L2R3L
N5R2L7L
N8*2R4*
N3R4L8*
N4R5L8R
N2*8R1R
N6*5R8L
N4R1*7R
N5R7*1R
N3*1R7L
N3R8R5R
N7*2*1*
N5L2L8L
N7R8R5R
N4L1L7*
N8L3L6*
N5*3R1*
N5*4R1R
N2R3R4R
N6*4L3*
N2*4L5L
N6R4L2*
N6L3L8*
N5L7*2R
N3*7L1L
N8L3L4L
N8R2L5L
N5L4*3L
N1*7*4*
N5*4R8R
N7L4L8L
N8*1R6R
N4*6*3*
N5*7*6L
N4L3R8*
N2L4R5*
N8R4*3L
N2*5R6L
