N3R4*2L
N1R4L2*
N6L8*3*
N5R7*1L
N8L1*4L
N2R1R8*
N2*8R4R
N6R8R2*
N5L3*6R
N5R1L6R
N6R8R4L
N1R4L8R
N6*8*1*
N8*4L2R
N1L6*7L
N1L2*6L
N6*3*5*
N6L3R5L
N8L6L4R
N3*6R5*
N1*8R3*
N1*2*3L
N6L8R3L
N2L6L5*
N6L5L2R
N6L4*1R
N4R5L1L
N4*2L8L
N3*7L6L
N3R8R4R
N1*6*2R
N3R6*4*
N5R6L2L
N4L6R2R
N2R4L3L
N2*7L6L
N6R1*7*
N6*4R8R
N5R8R3L
N5*4*3*
N4*1*3R
N5*6*2*
N1*7R2R
N2L6L8R
N6*7*3L
N3L4*8*
N5*8L2L
N2R3R7L
N4R3R6*
N4R8*2R
N5L4R7R
N7L6L1L
N7*2R6L
N2R4R6L
N1R5*3R
N8R7R6R
N3*5*4L
N3L8L1*
N5L4L1*
N7R2*8*
N6R3L8L
N1L4L5R
N2*5R7*
N7R8R6L
N8L4R7L
N4R3R5*
N8R4R6*
N7*1R4L
N4L5*2*
N8L2R5R
N3*1R6L
N3L4L6R
N1R2R6R
N3L4L8*
N3*5L8*
N5L7L3L
N5L3R2R
N6*2R4R
N5R4L3R
N8R5L4L
N5L2R6L
N1R6*3*
N6*4R5*
N6*2L4R
N3*1*6L
N3L5R1L
N5R2R7R
N5L1*2*
N7R1L3L
N3L2*5*
N3R5L7R
N2L8*3*
N2L6L4*
N3L7R1L
N6L5*3L
N1*6*7L
N5*7L2R
N3R1L6R
N7R2*3*
N8L6R4*
N7R3R5L
N4R7L5*
N8R2L4L
N5L2*4R
N5L7L3*
N5*1L2*
N1R5*3L
N6L1L2L
N8L1*5*
N3*1R6*
N8L2*5L
N3L5*8R
N5R7R1R
N5L2L7L
N4R1L2L
N3R7R1L
N8*1L4*
N1*6*2L
N6L5R1R
N6R4*2L
N6L5R2L
N1L3L7L
N1R3*5*
N8L2L6*
N5R4R7L
N6*3L1*
