N7R8*6*
N4L2L8L
N5*4*1L
N3R1L5*
N5R8R4*
N6R4R2*
N5R8R6*
N7R3R2R
N7*5*8L
N8L6L1L
N4*3R5L
N2*5*6*
N4L5R3R
N8R1R7L
N1*6L8R
N5R4*8L
N7R5*2L
N8L2R6R
N5R8R4R
N4R7L6*
N6*3R7R
N3*2*7*
N5L3R1R
N7L3R1*
N4R6*1L
N5R6*2*
N1*3*6L
N6L8*4R
N3R5R8L
N3*7L6*
N8*3*4*
N4L8*1L
N5R1L8R
N8R3*5L
N8*3L7R
N4L7*2*
N7L3*1*
N1*3L2*
N4L3L7R
N5R4L1L
N3L7*4R
N3L6R1*
N7L1L3L
N5*2L1R
N4R6*3R
N5R6R3R
N7*3L5*
N6*3*5L
N4L1L8*
N6*5*1*
N7*8L6*
N4*5*2*
N2*7L3R
N2R1L7R
N2R5R4L
N3R2R7R
N2R1R4L
N1*4R5R
N1L5R2R
N7L8R5L
N8*4*7R
N7R1R4R
N6L4L8*
N3R5L4*
N3*7*5L
N3*2R5R
N4*1L5L
N2R4L5R
N3L2L5L
N5R7L4L
N5*3R4L
N4R7L2R
N8*2L6*
N8L7*2R
N3L8L6R
N1R5L6R
N2*5*7*
N8*2L4L
N8L1*4*
N5R1R7*
N2R4L8*
N8R6*4R
N3*6*8R
N7*1L8*
N3*4R6*
N2L1L8L
N8*3L1R
N5*6*3*
N8*2R7*
N3R2*4L
N5L8*3R
N8R1L7L
N1R4L8L
N2*5R3R
N3R7L5*
N6L4R2*
N5L8L1L
N8R1L4L
N1L3L5L
N3R7*6R
N6R4*7R
N2*4R6R
N8L7L2L
N2*8R4L
N4*6L7L
N5R8L7*
N2*1R8L
N3R6*2*
N1*8R4*
N7R6*5R
N6R7L3*
N1*4R6L
N5L4L8*
N4R3L5R
N6*2R1*
N5L7R1*
N6R8*5L
N7L4*3*
N3*5*1R
N1R7L2*
N7*3L8R
N1*5L8*
N8R7R1R
N2*7R4L
N8L1R2*
N6R1R7*
