N8L5R7L
N4R7L5R
N7R3L8*
N2R4*5R
N3R7L1R
N6*8L3L
N8R7L3R
N6*7*1*
N7*2*4R
N6*3R5R
N1L2R7*
N7R5*1R
N2R5*4*
N2*3L6R
N6L1R4L
N8R2R4L
N3*4R7L
N1*8L6*
N2*7*1R
N1R5*2R
N6*5R8*
N7L3*4*
N2L3L1*
N8R5R2L
N4L8*2L
N7R6L5*
N5R4R8R
N1R7*6*
N3*5*8R
N2R6*8R
N6R2*3R
N5R3L6R
N1L3R2L
N7L8R2L
N7L2L6L
N1*8R2R
N7L5R2*
N3*4L5L
N6R5R8R
N3*8L2*
N4L2*1*
N4L1L8R
N1R2L7R
N2*1L7L
N4R5*1R
N8*1L5R
N7L8R6L
N5R3L8L
N2R8L3*
N6R2*8*
N1R2L8L
N3L2L5*
N1*4R8L
N6L3L2R
N7*3R5R
N7L2*1R
N2R3R4*
N7*1L5*
N3R4*6L
N5*3R7L
N7*5*6L
N3R6*7*
N6*8L4R
N5*7*3*
N1R6R8*
N5*4R2*
N4R7R8R
N6R3*8*
N1*3R7L
N7*5R6R
N5L2*6R
N1L4*3*
N2*3*1L
N8*6*4R
N2R3L5*
N6*2R8R
N2L6R8R
N8*1*3L
N3R7R8L
N5L3L2*
N1L7R6L
N2L8L6L
N8*5R4R
N1R2L5R
N2*8L7*
N6*2*5*
N6*1R7L
N8L2R4L
N7L8R6*
N6R1*8*
N5L6L7*
N8R7L3*
N3R7L1*
N6L8R7R
N8*5R6L
N4*6*1L
N4R2L8L
N1*2L3R
N7L6*8L
N5L3L8R
N5*7R6L
N1R5R4R
N6L1L8*
N3R2*4R
N8R3R2R
N1*2*7L
N2L5*3*
N8L5*4R
N8R1*2R
N5*7*8L
N6*3R1L
N1R5*4*
N2L3L7*
N6*5*7L
N6R8L5*
N5L6R2R
N8R5L7R
N4R6L5*
N6R5L7L
N2L6R5*
N6L5L8*
N1L6L7R
N4L5*1L
N6L3*4*
N4R2*7L
N5*8R3R
