N7R4*3*
N7R6L1*
N6L1L8L
N5L3*4R
N7R2*5*
N6*7R2R
N6R7*2L
N5*3L1R
N1L8R7R
N8*7L3*
N8R4*5R
N1R4R7R
N8*7*4R
N8L2L4R
N3*1L6*
N5L8*3L
N4L1*6*
N5L4*1L
N4*1R5R
N3L1R2L
N7*4L8*
N4R5*3*
N5*1L4R
N5R7L3L
N1L5R4R
N8*4*3L
N1R8R2L
N5R2*3R
N7L2R4L
N2L1L3R
N5R7R2R
N6R5L7R
N6*2R5L
N5L4L7L
N8*4R7*
N4L6R5*
N1*5L7*
N3L8L5L
N4*8R5L
N2L3R4R
N1R2*8R
N3R4L2*
N2*6*7L
N4R1R5*
N1L7*8*
N3R5L7*
N4*7L3R
N5*7R2*
N8L7L4*
N1*4L5*
N1R5L8*
N6R2R7R
N5*7L8*
N5*6R1L
N8L6*1R
N3R6L1L
N4L2R6*
N1*8L6L
N8R3L2L
N6R3*8R
N4*2*3R
N6L5L7L
N5R1*8R
N7L4*8L
N3*7R4*
N4L6R3R
N1*4*5*
N6L8*1*
N5*7*4R
N7*5R4*
N2R5R6*
N6L7R3*
N1*5L4*
N7L4L5R
N2*4L1L
N3R2R6L
N8L1L4L
N4*8*7L
N8L7R6L
N6L7L5*
N6R8R7*
N2L5R6*
N7*5L2L
N3L8R5L
N4R1R6R
N1*6R2L
N4*2R7R
N2L1*3*
N3R2*5*
N2*5*8R
N5L2L6R
N8R7R2*
N5L2R7*
N4*3L1L
N8*3*6L
N2*6L7*
N6R1*7R
N1R7R2L
N3R5L7L
N1*8L3*
N3*8*4L
N6R2R1R
N1*5L7R
N6*2L1R
N3L7L4*
N6L7L4L
N1R4L5R
N2R1R6R
N5R1R3L
N7R1*4*
N6L4L5*
N3R2L8L
N4L8*1R
N1L7*4L
N6R2*1*
N7*4R6L
N2L3L4*
N2L4R1L
N2R7R4R
N6R8*4L
N5*4L6R
N7R4L5*
N8L4*1*
N5L7L1*
N3*1R8L
N1R6L5R
