N6L4R1R
N2*6L8*
N1*8*7*
N1*8*3*
N4L1*3L
N3*2L6R
N6L2L3L
N5L4*8L
N7*8L5R
N3L6L5R
N3R1R6*
N7R6R2L
N3*7L8*
N6L7R5R
N4L1R6L
N1L3L2*
N8*5L3*
N4L5R2*
N5L7R4L
N8L7*3*
N6*8*2*
N5R8*3L
N3*1R4*
N7R5R3R
N5R3L8*
N5L6L8*
N4L7*2L
N7*3L6*
N2R1L4*
N1R3L8L
N3R6*5*
N5*1R3R
N5R2R1L
N4L8*3L
N6R1R5R
N5*6L7*
N2R1*5*
N1L5*2R
N4L8R5R
N4R7L1L
N2*1L5*
N1*6L5L
N5*6*3L
N1*2R5L
N3R7*5R
N4*6R7R
N6L8R5R
N5R3*8R
N7R2R3*
N3*7R8*
N5*3R2*
N1L2L7R
N5L6R7L
N1L7*4*
N5*6R1R
N4R2R3L
N2R1*8*
N1L3L7R
N7*3R2R
N5L3L7L
N6R7*8*
N1*3L8R
N1*7*5R
N5*8R3*
N8L1R3L
N8*6*7*
N7R4*6*
N7R3L1*
N7*5R1*
N6R7R5R
N3*5L1*
N6*4*5*
N4R2R8L
N4L1*7*
N5R8R1L
N5L4R7L
N6L7R2R
N6R2L4L
N1R5L2*
N4L1R8L
N2*5R4R
N2*4*1R
N4R7L5L
N5L4L7R
N8L5R7*
N4R3R1R
N6L8R1*
N4L8L2L
N5*2*8*
N2R6R3L
N1R3R5L
N8L5*1*
N7L1L5R
N3R6*4R
N3R8L1L
N3R5*8R
N5L1R6R
N3*5R4*
N8L4*2*
N4L2R8*
N2L1R7L
N5R3R2*
N4*3*1*
N8R7R1*
N5*3R4R
N6L1*4R
N8L4*1R
N5*6L7R
N4*5R6R
N7L2L4*
N6R5R1R
N6*5*2R
N2*5*8*
N6L4L5R
N7*5L2*
N3*2*1*
N7R4R3*
N6L1L8R
N5R7L6L
N7L1*8*
N8L5*7L
N6L4R3R
N8*6R5L
N1R2R3R
N4R3L5L
N4R6R2*
