N3*6*4L
N7*4*3L
N5R2L4*
N6L3L2*
N4L5R7L
N2L8L6*
N4L8L2R
N8R7R3L
N7R8*5L
N8*5L4R
N8*1*3R
N7R1L5R
N7*1L6*
N3R6*1*
N3R6*1R
N1L7R8R
N2R8R1*
N1L6*2L
N7L1*5L
N5R4*1L
N6*3L7L
N2*3R8R
N4*2R6*
N7L1R5L
N7R5*8L
N8*3R1L
N6L1R4R
N5L2L8R
N4*3R8L
N2L5R8L
N6R4*2R
N6L1R7R
N6*8*5L
N5R7R2*
N7L1L6R
N2L1R6L
N6*8R1*
N1R3L8*
N2*4R7*
N6*3R7L
N3R6R8R
N3L8R4L
N5R6L4*
N3R6L2*
N6R2*7L
N7L6L4R
N2L3L8L
N8*1R4R
N3*4L5R
N5R2R3R
N8R5L2R
N6R4L8L
N2R5R6L
N4L6L3R
N6L7*3R
N5L4L1R
N8R6L7R
N2R3L6L
N6*4L5*
N3*5L8L
N5L1R3*
N8R7*3L
N2L4*8R
N3R6*7R
N8R5*1*
N4L6R7*
N2R5L4L
N5R3L7R
N2R5L4*
N2*4L6L
N1L2*7R
N5R4*7R
N5R6R4L
N6R3*8L
N4L5*2R
N3R7R2L
N6R4R5R
N4*2*6R
N2R7L3L
N1R8R6R
N3L6*5L
N8R1L4*
N1R6L7R
N6L1*3L
N1L6*4R
N7L8R2R
N3*4*7*
N7R2R6*
N8R3R7*
N5L6*4L
N1R3R8L
N1L3*6L
N6*3R2L
N8L2L1*
N8R4*1R
N2R8R7L
N3R4L5L
N5R6*8*
N5R6*8L
N1R8R4*
N7L8*4L
N2*4*7L
N2*3L8R
N6*5R1R
N1R6L2*
N2*4L3R
N4L2*7R
N1L8L3R
N2L1R8*
N8L2R7L
N1R8*3R
N8R1L7R
N6R1R2*
N4*3L1R
N1R7R5R
N6*2L4*
N5*4L7R
N6R8R3L
N1L4L3*
N8R7R5*
N7R8*1L
N1L2L6L
N8L1R7L
N8L2L5R
N4*1R3L
N5L8L4R
