N2L4L1R
N2L7L3R
N1L8*2L
N8R4*6*
N1L5*2*
N3*5L4R
N7R4*1R
N6R1L4R
N4R8L7L
N7L8*3*
N3L2*8*
N1*2*3R
N1L8L2*
N1R8L7*
N8R2R5L
N6L4*1*
N5R6*2R
N5*6L1*
N2L4R8*
N4L3R5*
N6R4L3L
N6R1L5*
N1*7L3L
N3L4*7L
N1R4R3R
N7*6*5L
N7R3L8R
N3R5*1R
N1*4*2R
N5L2R6*
N7*6L3L
N1*3*5L
N5R2*3L
N2R1R4*
N4L2R3L
N6L8R7*
N1R5R2R
N1L7*2L
N4R2L7*
N2*8R7R
N3L2R8*
N1*6R2R
N1*2L7L
N5*7R3L
N8L1*6*
N1*2*7R
N6R8L1L
N5L7*3*
N6L7*1L
N7*8L4L
N4L6*7L
N2R1*3*
N1*8R3L
N8R7*2L
N6*8L7*
N3R8R6*
N5*8L6R
N7R8*1*
N1R2R8L
N1L2*3R
N4R7R3*
N6R4R3R
N2*3L5R
N6*1L7*
N1R5*4L
N7L2R6*
N2L5*7*
N5*4*7L
N6R3R5*
N2R4R5*
N6*2*4*
N4*8L1R
N3R4*8L
N5L8R1L
N5R2L6*
N1*5L3*
N1L8R6L
N1*6R5*
N5*1*2*
N2R5R7*
N8L6L5L
N2*8R5*
N1L6L3R
N1R6*5*
N8*5*2L
N4*7R6R
N8L4*3R
N8R6*3R
N4*2R3L
N1R5L4*
N8L5L1L
N5*2L7R
N7L4L8R
N1R8L3L
N2L1L6*
N2*5L3R
N2L4R5L
N1R2R7L
N6*1L4L
N2*4R8*
N2L6*5*
N4L7R2R
N6*1R2*
N4L8R1R
N6*4*1*
N1R2R8*
N4L5R8L
N8R2L6R
N3R8*5*
N2R4*1L
N5R8*3R
N5L4R7*
N5L2*7*
N6L3L2L
N7*4*8*
N6R7L5L
N6R5R3*
N1*5*3L
N8*7L6*
N8R7*1*
N1*8*6L
N7R2*6*
N1L7L6*
N2R8L1*
N5R8*1*
N6L5L4L
