N7*4*6L
N3L2*1L
N5*1*7*
N1L3L2R
N1R5R7*
N1R4L7L
N2*4*1*
N2R1R4R
N8R2R7*
N4*3L8L
N4*3R6*
N6*1*7L
N5*4R3*
N2*5R7L
N3R1L2L
N2L4*1L
N3*5*7*
N8*7R5*
N7L2L4L
N7L1R3L
N2R5L8L
N7R3R1L
N1R3L4R
N3R8*2*
N5*8R7R
N4*6*5*
N5R2R6*
N3L4L7*
N3L7R4R
N1R4*7*
N2R1R5L
N6*3L8R
N5R7L4*
N1R4*5R
N6R7L1L
N8L1R7R
N5*8R1R
N2*4R5L
N5*3*1R
N4L5*8R
N4R5*8R
N7R4R5R
N8*5L2L
N6L3*7*
N2L3L6R
N6R3L1*
N1L5R4L
N8R1L6R
N7R2R4*
N1*6*4R
N8R7*6R
N5L2*3R
N1*7R2*
N8L4R5L
N8*5*1L
N7R3R1*
N1L7R5L
N7*8R6*
N6L1L7*
N1R6L5L
N6L8*4L
N4*2R5R
N2L5L1L
N7L5L8R
N1R2*3R
N3L4L1L
N4R8*7R
N1*4L7*
N1L5*3R
N8R1*6L
N6R2*3L
N2L6R7L
N8L3R1*
N8L3*6R
N5L8L3L
N8L6L1R
N6R3L1L
N2L7L6*
N3*2*8L
N8*1*7*
N4L6*1*
N1R7R4L
N5*4L1R
N8*4L7L
N4*1R8R
N3*5*6L
N4R6*3*
N1L5L8R
N7R5L2R
N2R5*3L
N7*1*8L
N5L2R4R
N4R8*6L
N8*2L5R
N3R4*7*
N1*2L5R
N5R3L2L
N5*6*7R
N7*4L8L
N6*4L5R
N7L4L5L
N7R2R8*
N6L7R8*
N2*1*7*
N2*5L8R
N1L7L5L
N4*3L6L
N2*7R5*
N2R6L7L
N8*3L4L
N5R4R7R
N8R6L3L
N3*5R8R
N8L1*4R
N4L7L3R
N5R6*7L
N2*1R3*
N8L3*5R
N4*6R1R
N4L3*8L
N1*7R4*
N4*3R8*
N7L6R1R
N3L4L6L
N4*2L3R
N5*8R4L
