N1L4R8R
N2*7L8L
N8L7L5R
N7L6L8R
N3*7L5*
N2R4*7*
N3*8R5R
N2R3R7*
N8L6L5R
N8*5L2*
N1R2*3*
N3*6R2L
N5L1R8*
N4*7L5L
N6R1R4R
N1*3L2L
N6R4R3*
N4R3R2L
N3R5L8L
N6*1*7R
N2L8R4L
N1R4R7L
N7R5R6R
N5R1R8L
N7L3*5R
N4L8*2R
N3R1L6L
N6*2*1R
N4L2R3*
N4R7R2*
N7*3R2L
N1*3L5L
N6R4L1*
N5*7R1R
N3*1*7R
N6*5L4L
N5L8L1R
N7L6R3L
N6*1*8L
N7R2R3R
N1L5*8*
N4*5R6L
N4*7*2L
N8R6*7L
N6*7R1R
N3L1R6R
N4*7*2*
N8*6*2L
N6*7*3R
N5*3L2R
N4R8R2L
N3L1*7R
N8L7L6*
N8L5R1L
N4L1*2*
N2*4R8R
N6L3L4*
N5L6R3*
N4L1*3R
N1*5L6L
N1L2R4R
N2R3L5R
N3R1R6L
N6L7R2L
N5R1R8*
N1L6R8*
N5L3L1R
N3R4*5R
N7L8*6L
N2R4*6R
N3L1L8L
N2R3L1R
N4R6L1*
N7*6*4L
N2R3R8*
N5*6L8R
N2L4*5R
N2L8L3L
N1L3R6*
N4*7L8L
N3R1R6R
N3L1*4*
N2R5*7*
N5L8*2*
N2R1*4R
N2*1L8R
N5R3L1L
N1*3L7*
N4L6L5L
N3R1*5L
N1*5L3L
N6R5*2*
N7R3L4L
N2L6*8L
N7*6L2*
N6*4*5L
N6R2R8R
N5L6*7R
N5L7R1L
N1L5L7R
N4*8L7*
N3*4*8L
N4L5R6*
N8L1R3*
N4L1R5R
N8R7L1R
N6L8*1L
N2*3*7*
N7R1L4L
N2*5L1L
N4L2*1L
N3L4R7*
N1L6L4L
N2R6*4*
N6*7L1*
N1R3R7L
N2*4L7L
N4*3L8*
N8*5*7*
N3*4L5*
N3R6*8L
N3R1L7L
N3L1L6*
N2L4L5L
N6R8R2L
N7R8*2R
