N7*6*4*
N1*5*7L
N3R4R7R
N2*4*7*
N2*1L8*
N7R4L2R
N1L4L5*
N3L1L2R
N3*6L5R
N8R2R5*
N7R4R3L
N6*2L3*
N1R6*8*
N6L5R1L
N7R5*1L
N6*4R2R
N6*4L3L
N7*4L6R
N2R7L4L
N2L5L8L
N2R5L7R
N2R7L1*
N2*7R3R
N3L4L5L
N7R8L1L
N8L6L5*
N8L5*3R
N8*3R6L
N7R8*3R
N8R6R5L
N2L3R7L
N1R6R5L
N1R6R3*
N1L3L7*
N3R1L8*
N5*8*4*
N5R1R4*
N8R1*2*
N1L5R8L
N5*3*7R
N5R2R7*
N5L7R6R
N6L4R5L
N2*6*3R
N6L2*1R
N8R7*6L
N1L7R6*
N4R2L3R
N4R7R5*
N5R3R7R
N1L4*8L
N8R1L2R
N2*8L5L
N6L2L5R
N3R7L5L
N4L1*5L
N3R5*6*
N5*1L6R
N3*5L1L
N1L8L3L
N2R4L7L
N1L4R8*
N1*4*6R
N2L6L8L
N2R6R4R
N1L2*5*
N3*4R1R
N3*6L1L
N8R2*1R
N8L3*7*
N7*4L2L
N1R2*7L
N3L5*2*
N5R2R1*
N6L7*3*
N2R3*8L
N4R1R2L
N4L3L6L
N1L5L2L
N8*6R2L
N7L3R8R
N8*1L3L
N8*7*6*
N2*5*3L
N2L8*7*
N3*5L2*
N3*6L7*
N8R3R6R
N2*4L7*
N1R8*6*
N8L5L6R
N1*3*7L
N7*5L3R
N5*4R1*
N1R6*7L
N2*3R7*
N4L7*2R
N7L1*2R
N4*7R1*
N6R3*5R
N4R7*2*
N1L7R4L
N7L3R4*
N4L7R3L
N5*2L8R
N6R8*4R
N2R6R1L
N6R8*2L
N2R1*8R
N6L3L7R
N2R5R1L
N8L3*7L
N8*4L7*
N5R1*8L
N5*2R4R
N8L7R1R
N8L4*2L
N7R5*4L
N8R3R1R
N3L7*5R
N4L6L2L
N6L7R4*
N6*5*8L
N4L5L8*
N6R8R3*
N2*8R3*
