N2R7L3*
N5R1*7R
N5*3*4*
N1R7R2R
N1*8R7L
N6R2L7L
N3L4R5*
N8L2*4L
N5*4L3R
N7L5R8L
N1L2L8*
N5L2R7R
N5*6R7R
N3*6*5R
N2*5L1R
N8R1R4L
N5R4L3L
N5R6R7L
N1L8R2R
N1*6*5L
N6*7L4R
N5R8*2R
N3R5L8*
N3L6R2*
N7*5L6*
N1L6*7R
N2L6L3L
N7*5*6*
N8R3*6*
N6*7L4L
N7R6*5*
N3L1R4R
N2L6R4L
N2R6L1L
N4L5L2R
N5R7R4*
N1*5R6*
N4L2*1R
N5R3R8R
N3R8L6L
N8*3R1R
N4L1L5L
N3R6L1*
N8R6*3*
N5R1*6R
N2L1L3*
N4L5*6R
N1R3R6R
N4R8L6L
N2L6*4R
N5L7L2R
N2L1R4L
N7L3*6R
N6R3R1L
N2L8*3L
N7R3L2L
N7*6*8R
N3R7*1R
N6R8L3*
N5L8L6R
N1L7L6R
N8R2L3L
N4R8R3L
N5*6R3L
N7L6*3L
N3L6R1L
N3L4R6*
N8R7*5R
N6R3L7R
N5*6L4R
N8*3R4*
N6*5L2R
N3L1R5*
N7*2L4*
N7R6R3L
N4*5*6L
N7R8L4L
N8R6R3L
N4*3R6R
N1R2R5R
N1L5R3R
N5L6L3L
N5*4R1L
N1*6*4*
N2*6L1R
N8*5L7L
N5L8R7*
N2*6L4R
N2R6R4L
N1L3L8R
N7R6R4L
N1R5*8*
N1*6*2*
N4R3R8*
N8R3L2R
N3L4R1*
N8*5*1*
N6L3L8R
N4R8L2*
N4R6*2*
N7*5*3R
N7R3*6L
N2*6R1L
N5R4L1R
N2R8L7L
N4*1L7*
N8R3R4*
N8L3*2L
N7L6L2*
N4L6R3L
N3L1R7R
N3R4*1*
N3R7L4L
N8*4R7R
N3*4*5L
N6R4*1L
N5R3R4*
N1*4*3R
N4R6L2R
N4L8*6*
N1L8*6L
N2*8*3R
N4L2R8L
N7R5L4L
N7L4L5*
N8*2*5*
