N4*1L3*
N8*7R4R
N1*8*5*
N1L3R6L
N2R3*6*
N3L6R7R
N5R8R2*
N6*5L8R
N3L8R7L
N3L2*8R
N5L8*1L
N2R8L6L
N3L4R2*
N2L8*7R
N4L7L2*
N6*8R1R
N8*4L5L
N5L8L4*
N6L8R5L
N7*2R4R
N2L6*7R
N2*8R5L
N7L5L4R
N5L8L7L
N7*1L4*
N8*1*3*
N5*3L6R
N3L6*7*
N7*5L4*
N1R7L2L
N8L3L5*
N1*2R6*
N8R7*5*
N6R4R7*
N4L7R2*
N3L2R1L
N4R5R6L
N4*1R3R
N4L6*1R
N4L1R2L
N1L3L8L
N2*8R4*
N2R8R3*
N7L1R8*
N2*4L8R
N3R1L6*
N7R5R3*
N1*2L6*
N7*3R5L
N4*3R5R
N5L3*2L
N6*5R7R
N5*3*8*
N6*5L2*
N4R3R7R
N4L3*6L
N3*7R4R
N8L1L7L
N3L6L4R
N4*2*6*
N7L6R2L
N4*5L8*
N7R1L2L
N1*3R6R
N5*2*3R
N1*8*6*
N5*7L4*
N2*3*8*
N4L1L2L
N4*2L1*
N7R6R4*
N6*5R4R
N2*3*1R
N2L5L7L
N5L4R3R
N3L7R8L
N8R3L7R
N4*8*6R
N2L8R6L
N8L4R3R
N6R8R5R
N4L5R2L
N8*3*1L
N7R4*2*
N8L1R4L
N8L6*1L
N6L7L3R
N4R8L5*
N7*1R5L
N4*7L1R
N2*3*6R
N1L6L8R
N7*4L3*
N4R6*5R
N2R6R3*
N1L3*6R
N1L3L6L
N3*8*6R
N2L6R8*
N4*5*2R
N7L4*3R
N8L1R6*
N5*3L1L
N4L6*2*
N2R5R7L
N6R5L1L
N5*2R6R
N1*8L3L
N8*6R7R
N5R3L7L
N5L4*1*
N4R5*8*
N4*2L6R
N8L1L7*
N8L1L4*
N8*4R3L
N1*7*3*
N4L8R2R
N1*6*7*
N1L2*8L
N3*6L2L
N2L3L4L
N2*1L3R
N4R3*6L
N6*4R8*
N7L8*2R
