N2R7R3R
N1R6L8*
N6*5*4R
N7R1R6*
N7L3L2L
N2R5R1*
N7R3*2*
N1L6R2*
N5R6R1*
N5L2R4L
N6R2R1L
N1*4L8*
N7*5R4L
N2*3L1R
N3*4*1L
N3L4*7*
N1L5*4L
N6R7R8*
N1L6*4L
N3*4L2L
N4R3*2*
N5*3L4L
N6R4L8R
N3L1L5L
N5R3R1R
N1*8*4*
N5L1*6R
N6R3L2L
N1*8R5L
N6R7*2*
N7R4L3L
N3L5L8*
N7R6L1R
N8R6R2L
N2L5L3R
N1R6R7L
N4*8*7R
N8L3L6L
N5L7*2L
N7R5R2R
N1*5R3R
N7*3L6R
N8*5*3R
N8*3L6L
N5*3*2L
N1*8R7*
N2*8L7L
N3L6L8R
N5R1R4L
N3R5L6L
N3R6*4L
N5L4L6*
N6R8*5*
N8L1R2L
N7R2*4L
N6L2*4R
N3*4L1R
N6*8*7R
N8*3L5*
N5L2L1*
N2R7L8R
N1L2R8*
N2*1*5L
N8R3*2L
N2*8*3*
N8*3*1R
N2L8R6*
N1L8L4L
N2*3*7L
N1R5*6L
N6*1R3L
N2L5R7R
N8R1L7*
N1*2L7R
N4*2*8R
N2L6R1*
N1*8R7R
N8*7R6*
N2R3L4R
N6*3*8L
N2R8R6R
N2R4*7R
N1R8L6*
N4*2R6L
N1R5*4R
N4R3L8R
N8*4*5L
N1R5R6R
N3L4*5*
N8*7*5L
N7L6L3R
N4R1*5*
N5R8R6L
N2L7L6L
N4R6L3R
N5*1*8*
N3*1R2R
N3R2*7R
N3*8*5L
N2*1R6R
N1L5R6L
N7R8R1R
N2R8L4L
N2L8*4L
N1R5*2*
N1L7L4R
N3L5L7L
N5L7R2L
N6L7R8R
N7L4L3L
N4R3L7L
N5R1L4R
N8L3L4*
N2R5*8*
N4L6R1*
N3*8R1L
N8R3L5R
N4*2*5L
N6R4*3L
N6R3R8*
N4*2*7R
N7L4*8R
N7*1L5L
N6L2R8L
N3L8*6L
N8L4R6R
