N5L6*2L
N4*1R6*
N1L2L5R
N7L5*8L
N8R1L2L
N8L7*6L
N6*2R3*
N2*7L6*
N4*8R3R
N6L8R4L
N5*3*6R
N4*2R8L
N6L5*1L
N7*4L1*
N8*5R1L
N6*1R3R
N6*2R1L
N4*1*6R
N7L8R3L
N2*8R1*
N4R5*1L
N1L4R2R
N7*4L6L
N4R5*3R
N5R6L8L
N8*4R5R
N3L6*8L
N4L3R7R
N3*5*6*
N1L2L3R
N7L3R4R
N4*1L8L
N1L3L4L
N7*3*4R
N3L8L5R
N4*5*8L
N3R5L1*
N1L6L4*
N2*5R1R
N5L8R7L
N3L4R2L
N8L4R2*
N2R7R1L
N5R7*4R
N5*1L7*
N7*8L5L
N8L4L7R
N7L5*4R
N7*3L8L
N4*8L2R
N5R4L3*
N6*4*7*
N8*6*5L
N1R8L6L
N5R8R3*
N3L4L5R
N2*7R4*
N3R8*6*
N2R8L3L
N3*2R4R
N2R6R5*
N8R2*4*
N3R2L7L
N3*8*7*
N2*4*3L
N6*1*5L
N7R6L4L
N3L5*2R
N1R6*3R
N4R5L1*
N3L7R2*
N5*1R2R
N7R8*4*
N4L6*1L
N2R7L1L
N8R5*4*
N1*3*6*
N7R2L5*
N6*7R4*
N1L6*4*
N2*3*8R
N6R3*2*
N5R3*7*
N7L4R5R
N5*1*8R
N3*2R7L
N1R3*5L
N2L4R7R
N4R6L7R
N6R2R3*
N7R3L6L
N1*6L8*
N6L2L3*
N7R4R2*
N3L2L8R
N7L6R3*
N5*8L6L
N3R6R7*
N1*2L8L
N6L7L4*
N3*8R7L
N7*8*3*
N2*4L8*
N6*5L7L
N6*1*3R
N4*7R8*
N4R6*2L
N8*3R2*
N3*1*6*
N4*7R8L
N2*1L4*
N3L6*4*
N1R7L2R
N4*3L2L
N5*1*2R
N1L8L7L
N3*4L6*
N4R1*6L
N3*7*6R
N4*5L2*
N5R7*2*
N2R6L4R
N5L1L8*
N3*5L6*
N3R2*8R
N8R3R7R
