N1R6L7L
N3R2*6L
N7*2L5*
N4*8*7*
N5R7*6L
N4*2L7R
N4L1R7L
N7L8L1L
N2L3L5*
N6L1*2R
N5R1R3*
N8*3R4R
N4L1*6L
N6R3L8*
N8*1R4*
N8*5L6*
N3R1*2R
N2L8R6R
N5L1*3R
N4R3R1L
N7R3L2*
N2*4L6*
N6L5*7R
N4L8R6R
N5*6L4L
N3L8R6R
N6R1L2L
N2R5R6R
N4*6L8R
N2R7*5R
N4R6R8L
N2R4R5R
N8R1L6L
N5*6R2R
N6R8*1*
N1R7*3R
N5*2L6R
N4R6L8*
N3R1L8L
N7R6R3*
N3L5R2L
N5L1L4L
N8L4R1R
N2L6L3R
N4*3L5L
N3*8*2L
N5L8*4*
N2*8*5R
N3L7R5L
N4*6R8*
N2L7*3*
N5R1R8R
N1L3R2R
N3*1*8*
N7*5*4R
N1R2*5R
N5L6R1R
N4L8*2*
N7R4*8*
N5*8R6R
N7R4L8*
N7L6R3R
N7*8*2L
N2*5R3*
N8*2R1R
N5*6R2L
N5L4R8*
N2L8R1R
N6R2L3*
N8*7L3R
N6R1L3R
N4L5*6*
N5R4R1L
N5*1L3L
N1*7*3R
N1L8*4R
N4*3R5*
N7L5R4R
N6*2L8*
N4R7L8*
N3R1R8*
N8R4R7*
N3L6R1R
N8L6R7*
N2R1*3R
N5L1L7*
N2R8*1L
N5L2L3L
N1R5*7R
N6R2*4R
N2L3*8*
N7*5*3*
N2L1*8L
N6*1R5*
N7R2L8L
N1*4*3L
N2R5*8R
N7L1R6*
N4L2R3R
N6R4*1*
N4R6R2L
N6*8L5L
N7L8R4L
N1L4L7L
N3L2*5R
N4*6R2L
N3L5L2*
N1R8*7*
N7*3L2*
N6R3R8L
N1R8R7*
N1*5L8R
N8*6R2R
N4L1R7*
N3*4R8R
N5R7L4R
N1R7L8*
N6R3R4*
N1L7*5*
N5R2L7R
N3L1*4L
N6L5*7L
N4*2R5L
N7*8R4R
N4R1R6*
N3L5L4R
