N5*4L8L
N6R8*7R
N2*6*7R
N8L6L3L
N7*6L3*
N8R2*4R
N6L7L2L
N6R3L8R
N5L4R6R
N1*2*6R
N3R1*4L
N8*2*4R
N6L8R5*
N1*2R3R
N7L1R8L
N6L2*8*
N8*7*1L
N8R3R1L
N2L8*5R
N6*7L8*
N2*1L7R
N6*8R4*
N6R2*7*
N3L6*5R
N3*8*7L
N6*8L7L
N6*7L8L
N1R7L4*
N8L3R2L
N8L7L1L
N4*7*8L
N6R3*4L
N3R2*6R
N7*1*4*
N2*5R4L
N8R7L5R
N1L4*7R
N8L2*7L
N1*7R6R
N2L5L8*
N5R4R3L
N4*6*2R
N5R1L7R
N7*5L8R
N6R3*7L
N7R4*5*
N1R6R2R
N2*1*3*
N8R4*6R
N3R4R6*
N5R2*6*
N7R4R1R
N6*3*7L
N2*8L6L
N7*4R1R
N8*2*7*
N6R2*4L
N8R4L3R
N7*2R8R
N5*6L2L
N2L4L7*
N8R6L2*
N5L1*4*
N4R5*7R
N8L7L5*
N4L2R7*
N8*3L4*
N4R2*6R
N7R5L4R
N6L5L2*
N5R2*8R
N8*1*5R
N2R7R8L
N5R7L6*
N6*4*8R
N4L8*1*
N5R7R4L
N8*5R2L
N1*4R7L
N7L4R6*
N4*2R1*
N4R6R3R
N8*7*6R
N4L5R3L
N5L2R6R
N8*3R5R
N8L1R6L
N6R2R4L
N5R1R4R
N2*8*7*
N4*3R2*
N3L1*2L
N8L5R4*
N6*8L2R
N3L5L7R
N8*4L6R
N2*3R7L
N5*7L4R
N8L7*3R
N4L6L8*
N7L2R8R
N3*2L1R
N1L6*3R
N4R5*2*
N1*4R6*
N8*1R2L
N7R3*6R
N8R7*1L
N7R3*5L
N1L2*8R
N1*8*5R
N7L3R4L
N5R8*6*
N8R2L6L
N8*4L3R
N5*4*3R
N3L1*6L
N4*8R1L
N7*4*8R
N2*7R3*
N4*1L3R
N3L6*2*
N6L2*1*
N7L6*1L
N5*6L8L
N4L2L1R
