N3L7L1*
N5R6R2*
N3R2R1R
N7*8R5*
N1L6L3L
N1R8L2L
N2L4R8L
N2*5L6R
N6*2L1*
N4L2R6R
N7*6*5R
N8R4L3L
N1*2R5R
N3L5*6*
N5*3R8*
N4L3L7*
N7R5*2R
N4R8L1R
N7R8*6L
N3*6R8*
N3*5R7R
N3*2*7R
N5L6L2L
N8R3L6R
N5L3L6R
N5R4*8R
N7*4R2R
N6L1L3L
N8L1L3R
N8R1*3L
N8*3R2R
N6*1*8*
N6*2L4L
N8*4L5*
N3L4R8L
N4*7*6R
N2*1L7*
N5L6L8L
N1*7R3*
N8L7L2*
N6R7L8*
N2L7L8*
N7L3*5L
N6*8R2*
N5*7*8R
N1L3R4L
N6*3*4R
N4*8L1*
N5R4R3R
N1*6R3R
N3*2*6R
N5*8R1L
N5R6R1R
N2*1*5*
N3R2R7*
N3*7R2*
N7L4L1R
N7*3*1L
N3*7L4L
N3R7R4*
N8*6R5R
N1*5L7L
N1L6*2R
N3*5L7L
N7R5*1*
N8R1R5R
N3L5L1R
N3*8L4R
N2R1L3R
N3*5R7*
N4*1R5*
N6L8L1L
N8R2*5*
N3*8L7R
N5L1R2L
N6L2R8*
N7L2*3L
N6R5*3L
N8R5L3L
N6L7R2*
N7L1*4L
N4L1L2R
N4R2R7*
N8*7*4*
N6*7*4L
N8L6R5*
N5L3L2L
N6L5*4*
N2L5*1L
N8L3*6*
N6*7R1L
N6*3L8*
N7R8L6L
N1L2L3*
N2*8*1*
N6*4L7L
N4L2L6*
N7L4*5*
N8*4L6L
N8*7R3R
N3R8R1R
N1*2*4R
N8R6R7*
N8R2*4L
N1L2R6*
N7L6R1*
N4*8L2*
N2R1*6R
N4*3L7R
N7R4L1R
N4R1*7*
N3*5L6R
N8*7*4L
N4L3L7L
N5L6R4L
N2L6R7*
N8R4R6L
N7*4*3R
N4L8L1R
N4R6R7L
N3L5L1*
N5R6L2*
N4L8R3L
N4R8*5L
N1L7R6R
N8R5*2L
