N7*2*4L
N7R5R1L
N5R4*3*
N8R6*7*
N3*6L4*
N8*2R6*
N4R6R7*
N4*7L6L
N8R4*6L
N7*6*2L
N2L3R7R
N3*6R5L
N4R2R6L
N6*3*1L
N1L8R4R
N1R3R4L
N5L7R4*
N5L1*4R
N4*6L2R
N8R3L1R
N7R3L1R
N3L7L5R
N4R6R1L
N2L1*5L
N4*7R1L
N7*1R6R
N4L3R7L
N7L8*2L
N2R1L8R
N7L5*4*
N1R6R3L
N8*1R7R
N6R8L2R
N1R3*2L
N6L2R1R
N6R1*5L
N8*1R6*
N5R3*2*
N3L4*8L
N8*6*3R
N1*4*8*
N7L1L8L
N5*3L8R
N2R3R8R
N3*2L5*
N2*5L4*
N2L3*5L
N3L1R8*
N3R1*7R
N3L6L2*
N7R5L8*
N8L6L3*
N1*8L3R
N1L8L2L
N8*2L1R
N3R5L4R
N3L2*1*
N7*2L4R
N1L6R3*
N2R8L6R
N5R4*8*
N8R2L1R
N4R7L6R
N1L4L3R
N1R7L3*
N8R7L4*
N2L1*8R
N4R2*6*
N2*1*8*
N4R7*6R
N1R4L5L
N6L1L7R
N4*8*1*
N1L4*2L
N8*2L6R
N6R2R8L
N1L7*3L
N1R5L3L
N5*7*4L
N1*4L3R
N2R3*4L
N7L6*3*
N1R7R8R
N7L3L1L
N1*6*7R
N6R5*3R
N5R4R8*
N7*4R8*
N7R4R6R
N7L2L6*
N7*1L4L
N8R3*7L
N1*3*4*
N2*1R7*
N6R3R4L
N8L6*4R
N8L1L6L
N3L7R8R
N2R1L4L
N7L5L6*
N8L6L3R
N2*8L3*
N8L7R2L
N4L6L3*
N7R4L6R
N3L8*1R
N8R6R2*
N5*6L2*
N1*2R7R
N7R2L6L
N5R3*8L
N6R7*5L
N4L7*1*
N7R8L2R
N8L5R2R
N3R6*5R
N1R5L7*
N6L3*8R
N1R2R4*
N3*4R8*
N6*2L8L
N4R8R6R
N2L5*6R
N2*8*6L
N5R4L1*
N8L4L3R
