N8L7*5L
N2R8*3*
N2L5*3R
N2L7R5R
N8R6L4*
N5*8L7L
N4R6R5R
N2R4*3R
N2*4*8L
N2*5*7L
N1L8*5*
N2L1*3L
N1*6L5R
N5R1*4R
N6L7L8R
N2R6L3*
N7R5*4R
N2L1*7*
N5L2R8R
N7*1R2R
N4L6*2L
N2L3R4L
N6R7L5R
N3R7L5R
N8L1L5R
N5L4L3L
N1L2*7*
N4R5R7L
N8R3*2R
N8R6*5L
N3R1*5*
N1*2L4L
N3*6R1R
N8*1R4L
N3*7L2*
N3L1L6L
N6R1*3*
N3*1L6L
N1L6L7L
N2L6R7R
N2L7L4R
N5*7*4*
N4L1*2R
N4R1*2L
N6L4R1L
N6*1L7R
N6R1R2R
N2*3R6R
N5R2*8L
N3L8*5R
N5R4R6L
N5R4L8R
N4L7*6L
N5R1R2R
N2L5L4L
N2*5*4L
N4*1*5*
N2R1L6L
N7L4L1L
N8*3L7L
N7*1*2L
N5L2*3L
N3L5L2L
N1L2R6L
N4R1R7L
N6*8R5R
N1L7*6*
N1L8L6L
N4L2L3*
N1L5L7*
N2R5R8*
N4*6*1*
N2*4R1R
N8*7L2R
N4*2R8R
N2*8*1R
N7*6L1R
N2L1R7*
N1*4L8R
N6R3*5*
N6*8L4*
N6L3R1R
N5*8L6*
N6*2R5R
N7R2*3L
N3R5L2L
N2*5L3L
N2R1*7L
N3*6L5L
N1*8L4*
N1R7R3R
N7R8L1R
N6R4*7*
N4R8R5L
N7*2L3R
N7L5L1R
N7R6L2R
N5*3R1L
N2*1L4L
N1*8*7R
N6*3*8R
N3*2*6L
N7L5L3L
N1R7*5*
N5R7*6R
N2L7*5L
N6L8L1R
N1L5*6L
N6R1R8*
N8L2*3L
N2R8*3R
N3*1R4L
N3*1*4R
N7L6L4L
N2L4L8R
N1L7R3R
N6L5R4R
N7L2R5L
N6*3L5R
N3*2L7*
N3*2R8*
N7L5R6L
N3R4L1*
N4*8L5R
N3*8R2*
N3L4*1L
