N4*7*5L
N3R5*6L
N5R1L3L
N6L2L7*
N7L2R3*
N7L5L1*
N6R2R8*
N8L7L4L
N5L6L2R
N5L7*8*
N6R7L2*
N3*2*5L
N8*5R7*
N8*3L1L
N7L2R6L
N6R3R5L
N2L6*1R
N4*2R7L
N7*1R2*
N8R7R5L
N8*1*6L
N4R1*3L
N7*8R2L
N7*1R6*
N3L2R5R
N4*1R7*
N2*4*5R
N1*4*8R
N5R3*1R
N3R2*6*
N7L1R2R
N8*7L6L
N5R6*4*
N3R5R6R
N4R5R3*
N7L4R6L
N3R8*4R
N4R2*1R
N3R7*6*
N5*6L3R
N1*5L8L
N8R4L6L
N8*7R1*
N1*8*5L
N2L8R4R
N2L7R1R
N6*4L1R
N1R2L3L
N6*4L8R
N7*6*1*
N1*8*2L
N7R5*2*
N3R7*8L
N2R6R8L
N5L3*1*
N6R8L7L
N1L2L6R
N6R8L5L
N8L5R3*
N8L1*5L
N6*1L8*
N1L2R5L
N6R1R3*
N2L4R3R
N7*5*4*
N8L4L3L
N2L8*6R
N2*7L3*
N2*4L5R
N8*1L4L
N5*8L1L
N2L1R5L
N1L6R4L
N2R6L3L
N3R4L5R
N4*6*7*
N4L8L1*
N7*5*1R
N4R1R3*
N1L3L8*
N8*5R2R
N1*2*5*
N2R4R3R
N7R2*1L
N8R1L3R
N2*5L6L
N6L5R3*
N2L8R3L
N2L4R7*
N3R6*5L
N7*2R5L
N7L2*1L
N4*8*1L
N8L5*1L
N3L5R6R
N3R8*6R
N8L5L3L
N4L8*7*
N1*7*8L
N4L2*8*
N8L3R4R
N5*3*1L
N1R6*5R
N4*1R2*
N5R7R6L
N4R3L2*
N3L2L5R
N8R4R3R
N6*5L3L
N6*7L5R
N5*1L6L
N5*4*8R
N1*8L5L
N6R8L2L
N7L6R8R
N2L4R5R
N1*7L3*
N2L7*3R
N6L1*5L
N8R5*4L
N4*7R5L
N4R5R6R
N7R5R2*
N4L5*8L
N6*4L7*
N6L2R7*
