N1*5L6R
N7L2L8*
N4R5R2L
N1L2R4*
N4R6R3L
N4R6*8*
N1R2L8*
N1R7*5L
N6R7R8L
N1R4L2L
N7R8R4L
N6L1L5*
N4*2*8*
N1R4R5*
N4L8L7R
N1*5L2L
N5*2R3L
N5R4L6L
N1L8R2*
N2*6*8*
N3*6*2*
N4*2*7*
N6L5R4*
N5*6L3*
N7R5L1L
N8L4*7*
N5L1R2*
N6L5*2R
N4L6*8R
N1L2L7L
N5L3R4*
N4L7*5R
N7L5*1*
N6R2L4*
N4R2L6L
N2*3R1*
N5L6*1R
N1L4R7*
N4R1*7L
N6R4L8*
N7L8R6R
N5L6*1*
N3R8R7L
N3L1*7*
N2*6L7L
N5L6R3R
N2R7*3*
N1R4*3*
N6*8*3*
N4R8R5R
N2*3R4*
N3*7L1R
N5L6R4*
N2R7R1R
N1L6R5R
N3*5*4*
N8R6*5R
N5R8L7R
N1L8R4*
N1*2L3*
N1*5*2*
N7L2*6R
N4R8R7R
N8*4L2*
N7L2*4L
N8*4*7L
N8R5L1R
N2R3R5*
N4R2R1L
N5*8R6*
N4L8*5R
N5L1*7*
N2*3*4*
N8*3R2L
N6L5*7*
N5*8R7L
N1L7R4*
N7*2L3L
N3*4*8R
N2R5R3*
N6*1R2L
N4L7L1L
N2R6*3L
N6*2R5*
N6L8R2R
N3L5*6R
N5R6L1L
N3*7L2R
N5R2L8R
N1R3R8*
N5R2*4R
N1L5*2L
N2*8*5L
N4L2R1*
N2*1R3L
N8L2L7*
N8R3R6L
N3*1L4*
N4*2R6R
N8*4L1L
N8R2*5L
N8*2R3L
N7*2R1R
N5*8*7*
N8L3L5R
N4R8R7L
N1R7L6R
N5R6*1R
N8*4R1L
N5*2R8R
N4*6L7R
N8R7*4L
N6*8*1L
N5L4L6R
N1*5L6*
N7L5L2R
N7*2*1R
N2R3*7L
N7*4R5R
N5R1*3L
N4R1L5R
N5R6R7*
N6R5L1*
N2L4*5L
N5L3*1R
N4L3L8L
