N8*4*2L
N2*3L7R
N3R5R1L
N2L5*1*
N1L4L6*
N1*8R4R
N4*8L5L
N5*2*6*
N8L3*7R
N1R7*8L
N8*6*1R
N5*2L7*
N8*6R1L
N2L4*1*
N2L7*4R
N3*5*6R
N2*4*5L
N6*4*1L
N4*3R7L
N2L8R1*
N4R6R8R
N5*3L7R
N4*2L8R
N2*7R3L
N4*5R7R
N3R6R7R
N3L2*8L
N4R5*3L
N3R7*4L
N2R8*7L
N2*6R1R
N1*8R6R
N6R2*4*
N3R7L8R
N1*2L6L
N6L8R4*
N1L7L3L
N4L3*1R
N2L7R1L
N8L5L2L
N1*4R6R
N6R2*1R
N6L8L4*
N6*5*7R
N3*7*8*
N2L1L4L
N1L6L3*
N8L6*3R
N3L4L2L
N4L3R8L
N6L2*5*
N3*8*4*
N7L2L5L
N3R8R2L
N1R3L5R
N4L2L6L
N7*8L6L
N8L4R6L
N8L6L7L
N3R4L2L
N3*5*1*
N4L1*5R
N2*7L5L
N2L4R7L
N2L1L5*
N7R1L4*
N6L4*8R
N7R4L1L
N7*5R2L
N4L3*8*
N1L6R4R
N3*4L8R
N7R1*3R
N4R2*8R
N1R3R5R
N8*2*4*
N8R4R1*
N8R6R4R
N1R3*5R
N4R1*3*
N1R7R8L
N6L5*8R
N8R2*3*
N3*7R1*
N4R6L2*
N3L5*4L
N8R7L2R
N8*2*4L
N8L3R6R
N5L3*8L
N1R5*2L
N1*7L4L
N2R7*1R
N2L3L6L
N5L6R8R
N2*6L8R
N8R7*6*
N3R8L4*
N4R3L2R
N1R2*4R
N1R4R2L
N2R7*6R
N6L2*8L
N7R6R2R
N4R2R5R
N4L7L2L
N7L8R3*
N5L6*3L
N7R4L6*
N5*2*7R
N5L7R8*
N5L6R8L
N6*2L3R
N1*5L4R
N4R1R3L
N6L4L3*
N2R5R4R
N5L3L8L
N1*6L2R
N3R6R7L
N5R7R8L
N7*3R5*
N7*6L2R
N1R6L2L
N2R8R4L
N7L1*2*
