N4L7*5L
N7R3*1*
N1*8*2*
N6L7L5L
N3L6*1*
N4L3*5*
N1*7L4R
N2L4L8L
N1*5*7*
N5L6*4R
N6L2R7L
N6R7*1L
N7*2*3L
N5*1*6R
N7*6R8R
N1L4L8*
N8R7*3*
N6L8R2*
N6R2L1L
N1R8*4R
N7L8R3R
N2*5R6*
N5*7L4L
N8*1R6L
N6*7R3L
N1L4L2L
N6R2*3*
N4R6*8R
N8L5R4R
N7*1*6L
N4R6R5L
N6*1L5*
N7R3L5R
N8L6R3R
N8L6R2*
N8R7*5L
N2R8*1*
N4R5L6R
N3L2L6R
N1*4L3L
N3*6*1*
N2L6R5R
N5R4L7L
N5*6R1*
N1R8L5R
N1R2L7*
N6*2L3L
N1L8R6*
N7L6*1*
N7L1L4R
N8L3R1R
N6*5R7*
N8L4L2*
N2*5L8L
N6R1*2*
N7R1*6R
N7R4*1*
N8R4*3R
N2R1L8L
N8L2R3R
N1*5R3L
N4R5*1*
N3*1L8L
N2*6R4R
N6L7R4R
N6L1*7*
N6R7*5*
N8L3*4*
N7L5R8R
N6*4*2L
N4*2R3R
N2R5R3R
N7R1R5L
N2R7R3*
N3L4*6*
N6L7L1R
N4*2R1L
N3*2L6L
N3L7*2L
N8R2L5*
N2*5R8L
N3L6L5L
N2L3R5L
N2R3R6L
N8R4*1*
N2R6L8L
N5R7*2R
N7*2L4L
N7*3L2L
N7L2L3R
N5L4*8*
N3L8R5R
N4R8R3*
N2*3L7L
N2L4L6*
N1L3R5L
N2L4L3*
N8*7L6R
N1*8L6R
N4L5L3R
N3*7*1*
N3L1L7R
N1R2*3L
N3*8L6L
N6L2L4*
N3R6L4*
N8L5L6L
N1*2*8R
N5L1R4*
N8*7*3L
N7L1L6*
N2L3L6*
N4R7R2R
N8L2R1R
N2*4L8L
N6R3R7L
N2L1L4R
N3R1*8*
N1L8R3L
N1L3R8*
N7*4L5*
N1R6*4R
N2R7*4R
N6R3R7R
N6*3R8L
N7*3R6R
