N6*2*8L
N5L8*7L
N7R5R1R
N5L3L6L
N8R3R2*
N3R4*1L
N5L6R1L
N2*1R5L
N8*5L1L
N7L4*6*
N7*6L2L
N4*7R6*
N5R7L2L
N4*6*1R
N8L4L3*
N5R4*2*
N4L7L5*
N3*7*1L
N3R4L1L
N1*5R8L
N5L8*4L
N3R2*1R
N4R7*1L
N4L8L3R
N8L4R2L
N1R8*6R
N4L6R8*
N5R6*1*
N6*3*2L
N8L7L4R
N8L5*7*
N5*6*7L
N1*3L4*
N2*3*1*
N1*8R6*
N4L3R6*
N3*2L4R
N4R3R8L
N6L3R8*
N2R6R8R
N7R4*3R
N3R1L2*
N4*5R8L
N1*7*4L
N5R1*4L
N5R2R6R
N4L1R5*
N6*3R4*
N2R1R3L
N4*5L6R
N3*4R2R
N1*2*5L
N6R5L4*
N4L5L1R
N7R6L8R
N4L8L2*
N2R4R7*
N6L4*1L
N8R5*2R
N5L3*4*
N5*7R8*
N8L6R1L
N2L8L5R
N6R7*2R
N4L5L7L
N1*3L6L
N5R6L3*
N8L3R6*
N3R6L8L
N2*1*6L
N4R8L3*
N2*3*8L
N8*4R2L
N8R6*4*
N7*5R4R
N7L8L1*
N7L2R1*
N1*4L6R
N4L7R8*
N5R7R3*
N1R4R5R
N6*4*8*
N2*4R6L
N5L1R7*
N1*4*8L
N8L7*3L
N2*1*4L
N2L7L3*
N4L7L6*
N4*7R5*
N6R3L2*
N3*5R2*
N8L3R7L
N4L2*6R
N1L8R3R
N7L1*3L
N7L5R2R
N7L4L6L
N3L8*1L
N6R7*8R
N1R7L3L
N5L8L1*
N4R2*1L
N7*6L4R
N1*5*6*
N3*8L1R
N4L3L5*
N3*1L5L
N5*3R8L
N8*3*2L
N6*8L1L
N8L6R2L
N5L6L3R
N8R6*7R
N7*4*2L
N8R6L7*
N7L1*6L
N8L7*4R
N6L3R8R
N2*3L8*
N3R2*8L
N7R1R5*
N3*2*6*
N5*3L7L
N2R1*6L
N4*6L8L
