N3L7*5*
N6R5L8R
N8L5R2L
N1L3L4R
N6L7*2*
N4*6L3*
N8L4*7L
N5L2*4L
N1L2R5R
N2L3R8*
N8*1R3R
N3L7L6L
N5L7L8*
N8L6R7L
N6L4R3*
N4R6L8R
N1R7L8L
N5R3R7*
N5L3R4L
N7*4L8R
N5*2L6*
N3*2L7R
N7*8*4R
N8L4L6R
N5L8R1R
N3*7L2L
N2R3L7L
N5*7*3L
N7*6R3R
N3L5*6L
N2L3L7L
N4R2*3L
N6L5R3R
N1L6*3L
N2L5L3*
N3R1*2*
N1L2L4R
N3R8*7R
N6R1*4L
N4R7*6L
N7L4*1*
N7L6*4R
N1R6*2R
N8L3L1R
N7L3*8R
N8*5R1*
N1*5*6R
N5*6*8L
N4L7L6R
N3R2*4*
N4L7R5R
N2*6R7*
N5L1R8L
N3L8*2L
N8R6R7R
N8*7*2L
N8*3L5L
N1*3*7*
N4*3*8R
N7L4L6R
N5*7*2*
N4R5*6*
N2*6L7R
N7*1L4R
N5L4R2*
N4*5L3L
N5*4L7*
N4*3L2*
N7*3L2R
N2R7L3R
N4*3*1L
N5L2L4*
N5L1*8*
N7*6R2*
N3L7L5L
N8R6L5R
N2R8R6L
N7L8R1R
N5R8*4*
N7R5L1*
N4R6*8L
N6*3R2R
N4R1L5*
N2R3L6*
N3*1R2L
N3R8L7*
N3*6L8L
N6R1L5R
N5R1L4L
N3L1*7L
N7R5R6L
N2R1R5*
N1*4R8*
N4*6*3R
N6*7L1L
N6L1L7L
N4L6*2R
N7*2*5*
N4R6L5R
N2R5*4L
N2R5*1L
N7*4R3L
N6L3R4L
N5L7L3R
N2*3L6*
N6R1*5R
N3*5R2R
N5R7L8*
N6*1L2*
N4*6L5R
N2R5L8*
N1*2R8L
N5L3*8*
N1L5*4*
N5*1L7R
N2R4R3*
N3*7R2L
N6L4L1L
N2*1L6L
N3L2L4*
N8L2R3L
N5L4*7*
N7*3R1R
N2R4R8L
N2*7*3L
N3R4*5L
