N8*3L2L
N8*4L5R
N6R5*7*
N1L7R8*
N8*5R7L
N3R7L6R
N8L6R4R
N5L7*1*
N7*6R5*
N3*5R8*
N8R7*1R
N2R6*8*
N2L4L5*
N7L8L6*
N2L5L7*
N3*7R1R
N1R5*6R
N4R7L3*
N3*7*8R
N4R1L8R
N7R2R1*
N8L3*6L
N2L7L3L
N6R7*1R
N4*1*6L
N1*3L7L
N3L4L6*
N2R3*1R
N6*3L5*
N8*7*6L
N1R8L4*
N2*8*6*
N7R5*6*
N7*8*5L
N5*4R2R
N2R5*1R
N2L4L3L
N5L8*2L
N7L6R4R
N3L4L5*
N3*8*1*
N3R2R4*
N7L4*2L
N5L3R2*
N8R7L4L
N5R4*7L
N3R5*2*
N7*1R3*
N2R8R3R
N1*7L2L
N8*4*1R
N8*4L3L
N3R7R5R
N7R6*4L
N1*8*6R
N1L7L8R
N5R6R7R
N4R5*2L
N3R4L6R
N8*6R4L
N7*1L8R
N3R7L4R
N1R5L7R
N6R5R4R
N1R7R4R
N6L5L1*
N7L3L8*
N2R6R7R
N3*8*6*
N8L4R3L
N6L3*5*
N8*3R5L
N1L6R3L
N3*7*1R
N6R3R2*
N6*3L4R
N5R7R8*
N7*6R2R
N3L2*7R
N2*8L1L
N1L2L4L
N6R5*3*
N1R8*4*
N1*4R8R
N4R1*5L
N1R6R5*
N8R6R1*
N8L7R4R
N1L3R2*
N1R2*5*
N5L4R6*
N4R1R8R
N6L2*5R
N8*4*2*
N5*3R1R
N2*4R5R
N4*2*7L
N7R4R8L
N3R2L7*
N4*5L6L
N8R4R7L
N8*2*3L
N7R5R4R
N1L4L8R
N2*6*3L
N4R7*8R
N6L4*8*
N1*2L5*
N7*8*4L
N8L2*7*
N6L2*8R
N5L6*7L
N2*3R6*
N6R1*4*
N3R5R7R
N7*2*8R
N4R3R2R
N3R7L6*
N3R4R6R
N2*6*4L
N1L8*3L
N1R7*8*
N6R5L3*
N5*4*2R
N7*3*8L
N1*4L6*
