N8*2*7R
N3*1R8R
N2L7*6*
N7*3*2*
N4*1L2L
N5R2L8*
N7L4R2L
N3R8*1L
N2L7R6L
N6R4R1R
N6R4R7L
N6R1R8R
N8L2L4L
N5R6L2R
N1*8*7L
N8L2L3*
N2L6L8*
N5R7*3L
N1R3L4*
N6*7R8L
N2R8L7R
N1L4L7R
N8L7L3R
N1R3*7L
N2R6*7R
N8L2R6*
N4*7*5*
N6L7*8R
N3*2*7L
N5*7L3R
N1R5L2L
N3*2*5R
N3R6R4L
N8*6R2*
N4*5R2R
N1L4R8L
N3*1L7L
N1L5L4R
N7*3L4*
N6*5L7*
N4R3*5L
N1*8R3R
N5L3R2L
N1*3R5L
N1*7L8R
N2L3*5*
N7L6R4*
N8*4*6R
N3L2L4L
N2L5R8*
N6R5R2R
N3L8*6R
N1*2*3*
N6L3L5L
N3L1R7L
N6R8L5R
N8L3R6L
N6*3L7R
N7R6*1*
N4L7R8L
N5*2*6L
N5*2*7*
N8L5R7R
N5L1*2R
N6L3*5L
N5L6L8R
N8R6L3*
N4*6R2R
N8R7R4R
N8L5*6R
N3R1*6*
N4L5L6L
N6R8*2*
N8R7L1*
N4*7R6L
N7L4*2*
N7R6L1L
N8R2*7*
N3L4*2*
N7L3R5R
N2L7L1*
N7L3R5L
N3R5*7L
N3*4*2R
N1R3*6R
N3R8R2*
N7R6L2*
N1*8L4R
N1L7L6L
N3*2R4*
N3*6*1L
N6L4L1*
N8*1L4R
N3L5*1L
N6R4*3*
N4L2*7*
N6*4*7L
N3*4L1L
N6L2R4R
N4R2R8R
N4*7L8*
N4L8R7L
N3*6*4R
N1*5*4R
N2L1R5*
N2L7R5L
N5*7*3R
N2L6*7*
N3R5*4L
N8L3R5*
N8L6*4*
N3*4L8*
N2L3*5R
N6L1*3*
N7*1R6L
N7R2*8R
N3R6L1R
N6*5*8*
N6*5*3L
N6R7R2R
N2*5*4R
N1R8L2*
N8L6R2R
N7*6L8R
N6L5*3*
N2R8L1L
