N8R2R1L
N2L7*4*
N7L2R8*
N4*7*8R
N1*5R7L
N7*8R6L
N7R1R3R
N2L3R1R
N5*1L6*
N3R1*7L
N2*3R8*
N3R2R8R
N8L5L7*
N8R1L2*
N2*5L7*
N8L4R1*
N1*2*8L
N8R6*2*
N1L2R7R
N7R1*2L
N2L1*8*
N2*8L3R
N5L1L7L
N3R8*7L
N7R8*2*
N2L3R6*
N5R2R6L
N2L8*1*
N3R5R7*
N1*4L5R
N2R1L5*
N8R5R2*
N6L3*2*
N4L3R1*
N5L3L4*
N7*2*6*
N4R1*3R
N6*3L2*
N1R5L4L
N6*3R8R
N5L1*4L
N5*8R4*
N6L7L4R
N8*5R3R
N7R6*4R
N2L8*7L
N2L6L7L
N8*7L4R
N8R6R7L
N6*8*1R
N7L4R2*
N5*2L7L
N6R5R3R
N7L8*4*
N6R5*1L
N1L7L8*
N5R6R3*
N5R8L6R
N3L4R1R
N5R7*8*
N3*2R7*
N2L8L5L
N1L3*2L
N7*3L1L
N1L3R8R
N3L1L5*
N1L7*8R
N2R3*8R
N2L5R7*
N6L4*2*
N7R1R8L
N1R6R2*
N1*8R6L
N5R8L3L
N8*2L7R
N5R2L7*
N6*7R4R
N4R1L7*
N8R3*1*
N7R4L8R
N6L1L3*
N3R7L2R
N3R8*4*
N1*4L5L
N8R5L6L
N3L2R8R
N8*7*1R
N1R7R8*
N4*3L5*
N3*2L1L
N2*8L1*
N7*8L1L
N4*5L2R
N3L5R7L
N5*3*4L
N8*3L6*
N5R8*4L
N8*6*1L
N8R2R1R
N7*3R4R
N2L5R3L
N8L5R4L
N5L8*1*
N1R3*7*
N8*5L6L
N8R1R3R
N3*8R6L
N2*6R4*
N8R1R6L
N4R6*7*
N4R3*7R
N5R8L6L
N7R8L2L
N4R5L3R
N2L3*7L
N2R7R1*
N7L3R6R
N8L7R1L
N7*1*4L
N8R3*7*
N6R5R8*
N3*4R1*
N6*8R7*
N2L6*4*
N5R4L2L
N5L4R2L
