N7*6R5L
N2R5*3*
N5L3L7R
N8L6*5R
N1R6*3L
N5R7R3R
N4L7L8L
N3R4L7L
N5*8L4*
N7*6*3R
N4R8L2R
N8*4R6R
N1L6*2*
N6L2*4L
N4R7L1R
N7*4*2R
N1*7*8*
N2*6*8L
N4L2L7L
N3L4L7R
N6L7*1R
N3L7R6R
N3R1L4R
N4*6*3L
N3L5*2L
N7R5L1R
N8L2L5*
N2R3R1L
N7*1L8L
N4L3L1L
N7R6*2R
N7L6*2*
N8L3L7L
N1R8R7R
N1L5L3*
N2L8L4L
N6R1L8L
N3R7R6*
N2*4R3R
N8R1*4R
N5R6*7R
N4*1L8R
N1L4*5*
N4R6L5L
N6L7L1*
N2R3L7*
N8L5L3R
N8R5R6R
N7R1R8R
N4L3*5L
N8*5*3*
N4*5R1L
N7L2L4R
N1*7L5*
N8R1L3L
N2L5L6R
N7L5R6R
N4*5*1R
N1L4R3*
N1L3*4L
N5*4R3L
N5R3R6*
N6R3R7*
N7*5R6*
N1L8R5R
N6R5L8*
N6*4R2L
N5L3R1*
N1*4*3*
N3L1*8R
N5*7R4R
N8R4*3*
N3*1*4L
N3R5*6R
N5R1L2L
N5*3L6L
N6R1L7L
N6L8*2L
N2L7L8L
N2*1*8L
N5*4*6L
N2R3R7R
N5*2*7L
N3R1R5L
N3L4*6L
N1L2*4*
N5*8R1*
N3L4R1L
N6*1R5L
N6R3L4R
N8R6L3R
N3*2*8R
N5R8R4L
N5L3L7*
N5L7*6*
N7R8R5*
N4*1*7L
N8*4R1*
N4*6*8*
N3R1R8R
N6L2R4L
N5L1*7R
N2R4*8*
N2*6R8L
N7*4L5L
N3*7R8R
N4L1*5*
N1*3R4*
N8L3R5R
N7L3R6*
N8R6R3*
N4L6R1L
N1*8*4L
N3L6*7R
N5L3R8*
N3L1*2*
N5R4R2*
N4L3*8R
N5R2L4R
N4*5L8R
N8R1*5R
N6R5R2*
N3L4L8R
N1R4*3R
N1L7L5R
N4*8*6L
