N6R2*8R
N4R8R7*
N8*2L1*
N3R4L7*
N3L7L8*
N2L3R8L
N5R7*2L
N5L6*2R
N3L4L2*
N3L6L7L
N7R4*3L
N2R1L4R
N7L8L5*
N5L2*3*
N8L5L7R
N1L3R4R
N1*2L4R
N1R3R5*
N3R1L4*
N2L7R8*
N5R1*2L
N5*6*2L
N5*2R1*
N6R4L7R
N5L2*4*
N8L4*2R
N7*3*6*
N1L4R5R
N7*4R2L
N4L2L1*
N5*1R8L
N3R8L5*
N5R7L3R
N3R4L8R
N5R6R8R
N3*6R7R
N4R8*7L
N7R4R2L
N2R1L5R
N7L1L8R
N8*5R4*
N2*1R4R
N6R8R7R
N3*7R6*
N2L6*1*
N1R8R6*
N5L8R6R
N7R2L4L
N7L5R3R
N4R5R1R
N2R5L7L
N2L5R1*
N6R5R4L
N7*1*3*
N2*5*7R
N4*6*5L
N2*1*5R
N3R7R1*
N7*5R1L
N7*8L1*
N7*4*3*
N3*8R1R
N1R8L4R
N6R7R1*
N1R2R5L
N6L2L1R
N8*7R4*
N3*1R5R
N6L3L7L
N3*7*5R
N1L6R7L
N4*8R7*
N8R3L7*
N2L4*6*
N4R2*8L
N3*6L8*
N7*2*3R
N3R8R2R
N7R5L8R
N7R8R1*
N4*1L7L
N7L5R1*
N5L3*4L
N7L3L1*
N7*6R4*
N2R6*4R
N2L8R3R
N5L8*6R
N4*8*3L
N5L4R3*
N6L3*5R
N7L6*1R
N6L1R8R
N3L4R5L
N5L6*3R
N1*3L6*
N4L8R2*
N4R2L8R
N8L6*5*
N1*8R5R
N5*7R3*
N8L1R6R
N6R1*2L
N2L1L5R
N8R5R6*
N1R8R7L
N7R3R6*
N7L5*6*
N7*4R5*
N4R7*1*
N3L5L1L
N8L7L1R
N4R5L7L
N3R4*7R
N3L8*1*
N6*2L8R
N1R6R2L
N6*4R3L
N6*3L1L
N4*2L1L
N7L3R2*
N5*6L4*
N1R4*6R
N4L6R7L
N1R8R6L
N6R7L2L
